#
# There is insufficient memory for the Java Runtime Environment to continue.
# Native memory allocation (malloc) failed to allocate 80336 bytes for Chunk::new
# Possible reasons:
#   The system is out of physical RAM or swap space
#   In 32 bit mode, the process size limit was hit
# Possible solutions:
#   Reduce memory load on the system
#   Increase physical memory or swap space
#   Check if swap backing store is full
#   Use 64 bit Java on a 64 bit OS
#   Decrease Java heap size (-Xmx/-Xms)
#   Decrease number of Java threads
#   Decrease Java thread stack sizes (-Xss)
#   Set larger code cache with -XX:ReservedCodeCacheSize=
# This output file may be truncated or incomplete.
#
#  Out of Memory Error (allocation.cpp:390), pid=17448, tid=0x0000000000000ce0
#
# JRE version: Java(TM) SE Runtime Environment (8.0_144-b01) (build 1.8.0_144-b01)
# Java VM: Java HotSpot(TM) 64-Bit Server VM (25.144-b01 mixed mode windows-amd64 compressed oops)
# Failed to write core dump. Minidumps are not enabled by default on client versions of Windows
#

---------------  T H R E A D  ---------------

Current thread (0x0000000017239000):  JavaThread "C2 CompilerThread1" daemon [_thread_in_native, id=3296, stack(0x0000000019370000,0x0000000019470000)]

Stack: [0x0000000019370000,0x0000000019470000]
[error occurred during error reporting (printing stack bounds), id 0xc0000005]

Native frames: (J=compiled Java code, j=interpreted, Vv=VM code, C=native code)


Current CompileTask:
C2:  20157 1017   !   4       java.net.URL::<init> (543 bytes)


---------------  P R O C E S S  ---------------

Java Threads: ( => current thread )
  0x0000000019140000 JavaThread "ReaderThread" [_thread_in_native, id=11436, stack(0x000000001a070000,0x000000001a170000)]
  0x0000000018f9e000 JavaThread "Service Thread" daemon [_thread_blocked, id=19212, stack(0x0000000019570000,0x0000000019670000)]
  0x000000001723a000 JavaThread "C1 CompilerThread2" daemon [_thread_blocked, id=16268, stack(0x0000000019470000,0x0000000019570000)]
=>0x0000000017239000 JavaThread "C2 CompilerThread1" daemon [_thread_in_native, id=3296, stack(0x0000000019370000,0x0000000019470000)]
  0x0000000017206800 JavaThread "C2 CompilerThread0" daemon [_thread_blocked, id=12080, stack(0x0000000018e70000,0x0000000018f70000)]
  0x00000000171fa800 JavaThread "JDWP Command Reader" daemon [_thread_in_native, id=13956, stack(0x0000000018d70000,0x0000000018e70000)]
  0x00000000171f9000 JavaThread "JDWP Event Helper Thread" daemon [_thread_blocked, id=11084, stack(0x0000000018c70000,0x0000000018d70000)]
  0x00000000171e6800 JavaThread "JDWP Transport Listener: dt_socket" daemon [_thread_blocked, id=7372, stack(0x0000000018b70000,0x0000000018c70000)]
  0x00000000171df800 JavaThread "Attach Listener" daemon [_thread_blocked, id=16292, stack(0x0000000018730000,0x0000000018830000)]
  0x00000000171de000 JavaThread "Signal Dispatcher" daemon [_thread_blocked, id=17412, stack(0x0000000018630000,0x0000000018730000)]
  0x00000000171ca800 JavaThread "Finalizer" daemon [_thread_blocked, id=17416, stack(0x0000000018440000,0x0000000018540000)]
  0x0000000002882000 JavaThread "Reference Handler" daemon [_thread_blocked, id=12336, stack(0x0000000018340000,0x0000000018440000)]
  0x0000000002793800 JavaThread "main" [_thread_in_Java, id=17968, stack(0x00000000024b0000,0x00000000025b0000)]

Other Threads:
  0x00000000171a7800 VMThread [stack: 0x0000000018240000,0x0000000018340000] [id=14188]
  0x0000000018fcf800 WatcherThread [stack: 0x0000000019670000,0x0000000019770000] [id=3160]

VM state:not at safepoint (normal execution)

VM Mutex/Monitor currently owned by a thread: None

Heap:
 PSYoungGen      total 36864K, used 13083K [0x00000000d6f80000, 0x00000000d9880000, 0x0000000100000000)
  eden space 31744K, 25% used [0x00000000d6f80000,0x00000000d774bc38,0x00000000d8e80000)
  from space 5120K, 99% used [0x00000000d8e80000,0x00000000d937b3b0,0x00000000d9380000)
  to   space 5120K, 0% used [0x00000000d9380000,0x00000000d9380000,0x00000000d9880000)
 ParOldGen       total 84992K, used 2721K [0x0000000084e00000, 0x000000008a100000, 0x00000000d6f80000)
  object space 84992K, 3% used [0x0000000084e00000,0x00000000850a8558,0x000000008a100000)
 Metaspace       used 13527K, capacity 13704K, committed 14080K, reserved 1060864K
  class space    used 1634K, capacity 1686K, committed 1792K, reserved 1048576K

Card table byte_map: [0x0000000011c50000,0x0000000012030000] byte_map_base: 0x0000000011829000

Marking Bits: (ParMarkBitMap*) 0x000000006c63d850
 Begin Bits: [0x00000000126d0000, 0x0000000014598000)
 End Bits:   [0x0000000014598000, 0x0000000016460000)

Polling page: 0x0000000000a40000

CodeCache: size=245760Kb used=3961Kb max_used=3975Kb free=241798Kb
 bounds [0x0000000002890000, 0x0000000002c80000, 0x0000000011890000]
 total_blobs=1387 nmethods=1019 adapters=289
 compilation: enabled

Compilation events (10 events):
Event: 20.097 Thread 0x000000001723a000 nmethod 1015 0x0000000002c6be10 code [0x0000000002c6c040, 0x0000000002c6cde8]
Event: 20.097 Thread 0x0000000017206800 1016       4       java.lang.String::regionMatches (149 bytes)
Event: 20.099 Thread 0x0000000017239000 1017   !   4       java.net.URL::<init> (543 bytes)
Event: 20.101 Thread 0x000000001723a000 1018       3       org.apache.xmlbeans.impl.store.Xobj::ensureOccupancy (158 bytes)
Event: 20.102 Thread 0x000000001723a000 nmethod 1018 0x0000000002c6e090 code [0x0000000002c6e320, 0x0000000002c6f828]
Event: 20.102 Thread 0x000000001723a000 1019       1       org.apache.xmlbeans.impl.schema.SchemaPropertyImpl::hasDefault (5 bytes)
Event: 20.102 Thread 0x000000001723a000 nmethod 1019 0x0000000002c6bb50 code [0x0000000002c6bca0, 0x0000000002c6bdb0]
Event: 20.102 Thread 0x000000001723a000 1020       1       org.apache.xmlbeans.impl.schema.SchemaPropertyImpl::hasFixed (5 bytes)
Event: 20.102 Thread 0x000000001723a000 nmethod 1020 0x0000000002c6b890 code [0x0000000002c6b9e0, 0x0000000002c6baf0]
Event: 20.112 Thread 0x0000000017206800 nmethod 1016 0x0000000002c73750 code [0x0000000002c738c0, 0x0000000002c74398]

GC Heap History (2 events):
Event: 18.078 GC heap before
{Heap before GC invocations=1 (full 0):
 PSYoungGen      total 36864K, used 31744K [0x00000000d6f80000, 0x00000000d9880000, 0x0000000100000000)
  eden space 31744K, 100% used [0x00000000d6f80000,0x00000000d8e80000,0x00000000d8e80000)
  from space 5120K, 0% used [0x00000000d9380000,0x00000000d9380000,0x00000000d9880000)
  to   space 5120K, 0% used [0x00000000d8e80000,0x00000000d8e80000,0x00000000d9380000)
 ParOldGen       total 84992K, used 0K [0x0000000084e00000, 0x000000008a100000, 0x00000000d6f80000)
  object space 84992K, 0% used [0x0000000084e00000,0x0000000084e00000,0x000000008a100000)
 Metaspace       used 12074K, capacity 12176K, committed 12288K, reserved 1060864K
  class space    used 1409K, capacity 1458K, committed 1536K, reserved 1048576K
Event: 18.223 GC heap after
Heap after GC invocations=1 (full 0):
 PSYoungGen      total 36864K, used 5100K [0x00000000d6f80000, 0x00000000d9880000, 0x0000000100000000)
  eden space 31744K, 0% used [0x00000000d6f80000,0x00000000d6f80000,0x00000000d8e80000)
  from space 5120K, 99% used [0x00000000d8e80000,0x00000000d937b3b0,0x00000000d9380000)
  to   space 5120K, 0% used [0x00000000d9380000,0x00000000d9380000,0x00000000d9880000)
 ParOldGen       total 84992K, used 2721K [0x0000000084e00000, 0x000000008a100000, 0x00000000d6f80000)
  object space 84992K, 3% used [0x0000000084e00000,0x00000000850a8558,0x000000008a100000)
 Metaspace       used 12074K, capacity 12176K, committed 12288K, reserved 1060864K
  class space    used 1409K, capacity 1458K, committed 1536K, reserved 1048576K
}

Deoptimization events (7 events):
Event: 2.146 Thread 0x0000000002793800 Uncommon trap: reason=unstable_if action=reinterpret pc=0x00000000029e6034 method=java.lang.String.startsWith(Ljava/lang/String;I)Z @ 25
Event: 8.052 Thread 0x0000000002793800 Uncommon trap: reason=unstable_if action=reinterpret pc=0x0000000002a4b400 method=java.lang.String.indexOf([CII[CIII)I @ 3
Event: 13.882 Thread 0x0000000002793800 Uncommon trap: reason=range_check action=make_not_entrant pc=0x0000000002b247cc method=sun.reflect.generics.parser.SignatureParser.current()C @ 34
Event: 13.885 Thread 0x0000000002793800 Uncommon trap: reason=range_check action=none pc=0x0000000002b2221c method=sun.reflect.generics.parser.SignatureParser.current()C @ 34
Event: 16.637 Thread 0x0000000002793800 Uncommon trap: reason=unstable_if action=reinterpret pc=0x0000000002a94154 method=java.lang.AbstractStringBuilder.append(Ljava/lang/String;)Ljava/lang/AbstractStringBuilder; @ 1
Event: 20.094 Thread 0x0000000002793800 Uncommon trap: reason=unstable_if action=reinterpret pc=0x0000000002c18e0c method=org.apache.xmlbeans.impl.store.Cur.isNormal()Z @ 60
Event: 20.095 Thread 0x0000000002793800 Uncommon trap: reason=unstable_if action=reinterpret pc=0x0000000002c62064 method=org.apache.xmlbeans.impl.store.Xobj.bitIsSet(I)Z @ 6

Internal exceptions (10 events):
Event: 17.030 Thread 0x0000000002793800 Exception <a 'java/security/PrivilegedActionException'> (0x00000000d87dcab8) thrown at [C:\re\workspace\8-2-build-windows-amd64-cygwin\jdk8u144\9417\hotspot\src\share\vm\prims\jvm.cpp, line 1390]
Event: 17.031 Thread 0x0000000002793800 Exception <a 'java/security/PrivilegedActionException'> (0x00000000d87dd098) thrown at [C:\re\workspace\8-2-build-windows-amd64-cygwin\jdk8u144\9417\hotspot\src\share\vm\prims\jvm.cpp, line 1390]
Event: 17.035 Thread 0x0000000002793800 Exception <a 'java/security/PrivilegedActionException'> (0x00000000d87f0b08) thrown at [C:\re\workspace\8-2-build-windows-amd64-cygwin\jdk8u144\9417\hotspot\src\share\vm\prims\jvm.cpp, line 1390]
Event: 17.035 Thread 0x0000000002793800 Exception <a 'java/security/PrivilegedActionException'> (0x00000000d87f10e8) thrown at [C:\re\workspace\8-2-build-windows-amd64-cygwin\jdk8u144\9417\hotspot\src\share\vm\prims\jvm.cpp, line 1390]
Event: 17.036 Thread 0x0000000002793800 Exception <a 'java/security/PrivilegedActionException'> (0x00000000d87f81f0) thrown at [C:\re\workspace\8-2-build-windows-amd64-cygwin\jdk8u144\9417\hotspot\src\share\vm\prims\jvm.cpp, line 1390]
Event: 17.036 Thread 0x0000000002793800 Exception <a 'java/security/PrivilegedActionException'> (0x00000000d87f87d0) thrown at [C:\re\workspace\8-2-build-windows-amd64-cygwin\jdk8u144\9417\hotspot\src\share\vm\prims\jvm.cpp, line 1390]
Event: 17.037 Thread 0x0000000002793800 Exception <a 'java/security/PrivilegedActionException'> (0x00000000d87ffe40) thrown at [C:\re\workspace\8-2-build-windows-amd64-cygwin\jdk8u144\9417\hotspot\src\share\vm\prims\jvm.cpp, line 1390]
Event: 17.037 Thread 0x0000000002793800 Exception <a 'java/security/PrivilegedActionException'> (0x00000000d8800420) thrown at [C:\re\workspace\8-2-build-windows-amd64-cygwin\jdk8u144\9417\hotspot\src\share\vm\prims\jvm.cpp, line 1390]
Event: 17.038 Thread 0x0000000002793800 Exception <a 'java/security/PrivilegedActionException'> (0x00000000d88078b0) thrown at [C:\re\workspace\8-2-build-windows-amd64-cygwin\jdk8u144\9417\hotspot\src\share\vm\prims\jvm.cpp, line 1390]
Event: 17.038 Thread 0x0000000002793800 Exception <a 'java/security/PrivilegedActionException'> (0x00000000d8807e90) thrown at [C:\re\workspace\8-2-build-windows-amd64-cygwin\jdk8u144\9417\hotspot\src\share\vm\prims\jvm.cpp, line 1390]

Events (10 events):
Event: 20.099 Thread 0x0000000002793800 DEOPT PACKING pc=0x00000000029f83b4 sp=0x00000000025aa9c0
Event: 20.099 Thread 0x0000000002793800 DEOPT UNPACKING pc=0x00000000028d787f sp=0x00000000025aa7e0 mode 1
Event: 20.099 loading class org/apache/xmlbeans/impl/values/JavaDoubleHolder
Event: 20.099 loading class org/apache/xmlbeans/impl/values/JavaDoubleHolder done
Event: 20.099 Thread 0x0000000002793800 DEOPT PACKING pc=0x0000000002a56641 sp=0x00000000025aa830
Event: 20.099 Thread 0x0000000002793800 DEOPT UNPACKING pc=0x00000000028d787f sp=0x00000000025aa580 mode 1
Event: 20.099 Thread 0x0000000002793800 DEOPT PACKING pc=0x00000000029f861c sp=0x00000000025aa8b0
Event: 20.099 Thread 0x0000000002793800 DEOPT UNPACKING pc=0x00000000028d787f sp=0x00000000025aa6d0 mode 1
Event: 20.099 Thread 0x0000000002793800 DEOPT PACKING pc=0x00000000029f83b4 sp=0x00000000025aaa40
Event: 20.099 Thread 0x0000000002793800 DEOPT UNPACKING pc=0x00000000028d787f sp=0x00000000025aa860 mode 1


Dynamic libraries:
0x00007ff628ee0000 - 0x00007ff628f17000 	C:\Program Files\Java\jre1.8.0_144\bin\javaw.exe
0x00007ffc06f30000 - 0x00007ffc0710b000 	C:\WINDOWS\SYSTEM32\ntdll.dll
0x00007ffc066e0000 - 0x00007ffc0678e000 	C:\WINDOWS\System32\KERNEL32.DLL
0x00007ffc03d50000 - 0x00007ffc03f99000 	C:\WINDOWS\System32\KERNELBASE.dll
0x00007ffc04470000 - 0x00007ffc04511000 	C:\WINDOWS\System32\ADVAPI32.dll
0x00007ffc048d0000 - 0x00007ffc0496d000 	C:\WINDOWS\System32\msvcrt.dll
0x00007ffc06940000 - 0x00007ffc06999000 	C:\WINDOWS\System32\sechost.dll
0x00007ffc06240000 - 0x00007ffc06365000 	C:\WINDOWS\System32\RPCRT4.dll
0x00007ffc06de0000 - 0x00007ffc06f2a000 	C:\WINDOWS\System32\USER32.dll
0x00007ffc03b90000 - 0x00007ffc03bae000 	C:\WINDOWS\System32\win32u.dll
0x00007ffc06890000 - 0x00007ffc068b7000 	C:\WINDOWS\System32\GDI32.dll
0x00007ffc03fa0000 - 0x00007ffc04127000 	C:\WINDOWS\System32\gdi32full.dll
0x00007ffc03cb0000 - 0x00007ffc03d4a000 	C:\WINDOWS\System32\msvcp_win.dll
0x00007ffc04370000 - 0x00007ffc04466000 	C:\WINDOWS\System32\ucrtbase.dll
0x00007ffbf6710000 - 0x00007ffbf6977000 	C:\WINDOWS\WinSxS\amd64_microsoft.windows.common-controls_6595b64144ccf1df_6.0.15063.483_none_26002d27e7c744a2\COMCTL32.dll
0x00007ffc04970000 - 0x00007ffc04c69000 	C:\WINDOWS\System32\combase.dll
0x00007ffc04300000 - 0x00007ffc0436a000 	C:\WINDOWS\System32\bcryptPrimitives.dll
0x00007ffc067f0000 - 0x00007ffc0681d000 	C:\WINDOWS\System32\IMM32.DLL
0x000000006bd40000 - 0x000000006be12000 	C:\Program Files\Java\jre1.8.0_144\bin\msvcr100.dll
0x000000006be20000 - 0x000000006c6bd000 	C:\Program Files\Java\jre1.8.0_144\bin\server\jvm.dll
0x00007ffc06450000 - 0x00007ffc06458000 	C:\WINDOWS\System32\PSAPI.DLL
0x00007ffbf13f0000 - 0x00007ffbf13f9000 	C:\WINDOWS\SYSTEM32\WSOCK32.dll
0x00007ffc06820000 - 0x00007ffc0688c000 	C:\WINDOWS\System32\WS2_32.dll
0x00007ffc00420000 - 0x00007ffc00443000 	C:\WINDOWS\SYSTEM32\WINMM.dll
0x00007ffbfdb50000 - 0x00007ffbfdb5a000 	C:\WINDOWS\SYSTEM32\VERSION.dll
0x00007ffc003f0000 - 0x00007ffc0041b000 	C:\WINDOWS\SYSTEM32\WINMMBASE.dll
0x00007ffc03bb0000 - 0x00007ffc03bf9000 	C:\WINDOWS\System32\cfgmgr32.dll
0x000000006dcf0000 - 0x000000006dcff000 	C:\Program Files\Java\jre1.8.0_144\bin\verify.dll
0x000000006dcc0000 - 0x000000006dce9000 	C:\Program Files\Java\jre1.8.0_144\bin\java.dll
0x000000006bd00000 - 0x000000006bd35000 	C:\Program Files\Java\jre1.8.0_144\bin\jdwp.dll
0x000000006bcf0000 - 0x000000006bcf8000 	C:\Program Files\Java\jre1.8.0_144\bin\npt.dll
0x000000006dca0000 - 0x000000006dcb6000 	C:\Program Files\Java\jre1.8.0_144\bin\zip.dll
0x00007ffc04de0000 - 0x00007ffc06217000 	C:\WINDOWS\System32\SHELL32.dll
0x00007ffc04520000 - 0x00007ffc045ca000 	C:\WINDOWS\System32\shcore.dll
0x00007ffc03490000 - 0x00007ffc03b81000 	C:\WINDOWS\System32\windows.storage.dll
0x00007ffc04630000 - 0x00007ffc04681000 	C:\WINDOWS\System32\shlwapi.dll
0x00007ffc03380000 - 0x00007ffc03391000 	C:\WINDOWS\System32\kernel.appcore.dll
0x00007ffc033a0000 - 0x00007ffc033ec000 	C:\WINDOWS\System32\powrprof.dll
0x00007ffc033f0000 - 0x00007ffc03405000 	C:\WINDOWS\System32\profapi.dll
0x000000006bce0000 - 0x000000006bce9000 	C:\Program Files\Java\jre1.8.0_144\bin\dt_socket.dll
0x00007ffbe1f80000 - 0x00007ffbe1f96000 	C:\WINDOWS\system32\napinsp.dll
0x00007ffbe1f60000 - 0x00007ffbe1f7a000 	C:\WINDOWS\system32\pnrpnsp.dll
0x00007ffc00950000 - 0x00007ffc00968000 	C:\WINDOWS\system32\NLAapi.dll
0x00007ffc02c90000 - 0x00007ffc02cec000 	C:\WINDOWS\System32\mswsock.dll
0x00007ffc02a70000 - 0x00007ffc02b14000 	C:\WINDOWS\SYSTEM32\DNSAPI.dll
0x00007ffc06570000 - 0x00007ffc06578000 	C:\WINDOWS\System32\NSI.dll
0x00007ffc02a30000 - 0x00007ffc02a67000 	C:\WINDOWS\SYSTEM32\IPHLPAPI.DLL
0x00007ffbe1f30000 - 0x00007ffbe1f3e000 	C:\WINDOWS\System32\winrnr.dll
0x00007ffbe1f40000 - 0x00007ffbe1f55000 	C:\WINDOWS\System32\wshbth.dll
0x00007ffbf7a00000 - 0x00007ffbf7a6b000 	C:\WINDOWS\System32\fwpuclnt.dll
0x00007ffc02f40000 - 0x00007ffc02f65000 	C:\WINDOWS\SYSTEM32\bcrypt.dll
0x00007ffbf0ad0000 - 0x00007ffbf0ada000 	C:\Windows\System32\rasadhlp.dll
0x000000006dc80000 - 0x000000006dc9a000 	C:\Program Files\Java\jre1.8.0_144\bin\net.dll
0x00007ffc02e30000 - 0x00007ffc02e47000 	C:\WINDOWS\SYSTEM32\CRYPTSP.dll
0x00007ffc028b0000 - 0x00007ffc028e4000 	C:\WINDOWS\system32\rsaenh.dll
0x00007ffc032b0000 - 0x00007ffc032d9000 	C:\WINDOWS\SYSTEM32\USERENV.dll
0x00007ffc02e50000 - 0x00007ffc02e5b000 	C:\WINDOWS\SYSTEM32\CRYPTBASE.dll
0x00007ffbfda60000 - 0x00007ffbfda76000 	C:\WINDOWS\SYSTEM32\dhcpcsvc6.DLL
0x00007ffbfdac0000 - 0x00007ffbfdada000 	C:\WINDOWS\SYSTEM32\dhcpcsvc.DLL
0x000000006cb80000 - 0x000000006cb91000 	C:\Program Files\Java\jre1.8.0_144\bin\nio.dll

VM Arguments:
jvm_args: -agentlib:jdwp=transport=dt_socket,suspend=y,address=localhost:61613 -ea -Dfile.encoding=Cp1252 
java_command: org.testng.remote.RemoteTestNG -serport 61576 -protocol json -d D:\Seleniumworkspace\Maven_Xcelerate\test-output D:\Seleniumworkspace\Maven_Xcelerate\testng.xml
java_class_path (initial): D:\Selenium\eclipse\configuration\org.eclipse.osgi\473\0\.cp\lib\testng-remote.jar;D:\Seleniumworkspace\Maven_Xcelerate\target\test-classes;D:\Seleniumworkspace\Maven_Xcelerate\target\classes;D:\Selenium\eclipse\plugins\org.testng_6.12.0.r201709030044.jar;D:\Selenium\eclipse\plugins\com.beust.jcommander_1.66.0.jar;D:\Selenium\eclipse\plugins\org.apache-extras.beanshell.bsh_2.0.0.b6.jar;D:\Selenium\eclipse\plugins\org.yaml.snakeyaml_1.17.0.jar;C:\Users\user\.m2\repository\org\testng\testng\6.8\testng-6.8.jar;C:\Users\user\.m2\repository\junit\junit\4.10\junit-4.10.jar;C:\Users\user\.m2\repository\org\hamcrest\hamcrest-core\1.1\hamcrest-core-1.1.jar;C:\Users\user\.m2\repository\org\beanshell\bsh\2.0b4\bsh-2.0b4.jar;C:\Users\user\.m2\repository\com\beust\jcommander\1.27\jcommander-1.27.jar;C:\Users\user\.m2\repository\org\yaml\snakeyaml\1.6\snakeyaml-1.6.jar;C:\Users\user\.m2\repository\com\codoid\products\fillo\1.16\fillo-1.16.jar;C:\Users\user\.m2\repository\com\relevantcodes\extentreports\2.41.2\extentreports-2.41.2.jar;C:\Users\user\.m2\repository\org\jsoup\jsoup\1.8.3\jsoup-1.8.3.jar;C:\Users\user\.m2\repository\org\xerial\sqlite-jdbc\3.8.11.1\sqlite-jdbc-3.8.11.1.jar;C:\Users\user\.m2\repository\org\freemarker\freemarker\2.3.23\freemarker-2.3.23.jar;C:\Users\user\.m2\repository\org\mongodb\mongodb-driver\3.0.4\mongodb-driver-3.0.4.jar;C:\Users\user\.m2\repository\org\mongodb\bson\3.0.4\bson-3.0.4.jar;C:\Users\user\.m2\repository\org\mongodb\mongodb-driver-core\3.0.4\mongodb-driver-core-3.0.4.jar;C:\Users\user\.m2\repository\org\seleniumhq\selenium\selenium-java\2.53.0\selenium-java-2.53.0.jar;C:\Users\user\.m2\repository\org\seleniumhq\selenium\selenium-chrome-driver\2.53.0\selenium-chrome-driver-2.53.0.jar;C:\Users\user\.m2\repository\org\seleniumhq\selenium\selenium-remote-driver\2.53.0\selenium-remote-driver-2.53.0.jar;C:\Users\user\.m2\repository\cglib\cglib-nodep\2.1_3\cglib-nodep-2.1_3.jar;C:\Users\user\.m2\repository\com\google
Launcher Type: SUN_STANDARD

Environment Variables:
JAVA_HOME=C:\Program Files\Java\jre1.8.0_144\
PATH=C:/Program Files/Java/jre1.8.0_144/bin/server;C:/Program Files/Java/jre1.8.0_144/bin;C:/Program Files/Java/jre1.8.0_144/lib/amd64;C:\ProgramData\Oracle\Java\javapath;C:\Program Files (x86)\Intel\iCLS Client\;C:\Program Files\Intel\iCLS Client\;C:\WINDOWS\system32;C:\WINDOWS;C:\WINDOWS\System32\Wbem;C:\WINDOWS\System32\WindowsPowerShell\v1.0\;C:\Program Files (x86)\Intel\OpenCL SDK\3.0\bin\x86;C:\Program Files (x86)\Intel\OpenCL SDK\3.0\bin\x64;C:\Program Files (x86)\Microsoft SQL Server\110\Tools\Binn\;C:\Program Files\Microsoft SQL Server\110\Tools\Binn\;C:\Program Files\Microsoft SQL Server\110\DTS\Binn\;C:\Program Files (x86)\Microsoft SQL Server\110\Tools\Binn\ManagementStudio\;C:\Program Files (x86)\Microsoft Visual Studio 10.0\Common7\IDE\PrivateAssemblies\;C:\Program Files (x86)\Microsoft SQL Server\110\DTS\Binn\;C:\Program Files (x86)\Intel\Intel(R) Management Engine Components\DAL;C:\Program Files\Intel\Intel(R) Management Engine Components\DAL;C:\Program Files (x86)\Intel\Intel(R) Management Engine Components\IPT;C:\Program Files\Intel\Intel(R) Management Engine Components\IPT;C:\Program Files\Intel\WiFi\bin\;C:\Program Files\Common Files\Intel\WirelessCommon\;C:\Program Files\maven\bin;C:\Program Files\Git\cmd;C:\Users\user\AppData\Local\Microsoft\WindowsApps;C:\Program Files\Intel\WiFi\bin\;C:\Program Files\Common Files\Intel\WirelessCommon\;;D:\Selenium\eclipse;
USERNAME=user
OS=Windows_NT
PROCESSOR_IDENTIFIER=Intel64 Family 6 Model 69 Stepping 1, GenuineIntel



---------------  S Y S T E M  ---------------

OS: Windows 10.0 , 64 bit Build 15063 (10.0.15063.296)

CPU:total 4 (initial active 4) (2 cores per cpu, 2 threads per core) family 6 model 69 stepping 1, cmov, cx8, fxsr, mmx, sse, sse2, sse3, ssse3, sse4.1, sse4.2, popcnt, avx, avx2, aes, clmul, erms, lzcnt, ht, tsc, tscinvbit, bmi1, bmi2

Memory: 4k page, physical 8067968k(1415608k free), swap 10162048k(5332k free)

vm_info: Java HotSpot(TM) 64-Bit Server VM (25.144-b01) for windows-amd64 JRE (1.8.0_144-b01), built on Jul 21 2017 21:57:33 by "java_re" with MS VC++ 10.0 (VS2010)

time: Thu Dec 14 08:30:00 2017
elapsed time: 20 seconds (0d 0h 0m 20s)

