#
# There is insufficient memory for the Java Runtime Environment to continue.
# Native memory allocation (malloc) failed to allocate 133376 bytes for Chunk::new
# Possible reasons:
#   The system is out of physical RAM or swap space
#   In 32 bit mode, the process size limit was hit
# Possible solutions:
#   Reduce memory load on the system
#   Increase physical memory or swap space
#   Check if swap backing store is full
#   Use 64 bit Java on a 64 bit OS
#   Decrease Java heap size (-Xmx/-Xms)
#   Decrease number of Java threads
#   Decrease Java thread stack sizes (-Xss)
#   Set larger code cache with -XX:ReservedCodeCacheSize=
# This output file may be truncated or incomplete.
#
#  Out of Memory Error (allocation.cpp:390), pid=17636, tid=0x0000000000004414
#
# JRE version: Java(TM) SE Runtime Environment (8.0_144-b01) (build 1.8.0_144-b01)
# Java VM: Java HotSpot(TM) 64-Bit Server VM (25.144-b01 mixed mode windows-amd64 compressed oops)
# Failed to write core dump. Minidumps are not enabled by default on client versions of Windows
#

---------------  T H R E A D  ---------------

Current thread (0x000000001708a000):  JavaThread "C2 CompilerThread1" daemon [_thread_in_native, id=17428, stack(0x00000000191c0000,0x00000000192c0000)]

Stack: [0x00000000191c0000,0x00000000192c0000]
[error occurred during error reporting (printing stack bounds), id 0xc0000005]

Native frames: (J=compiled Java code, j=interpreted, Vv=VM code, C=native code)


Current CompileTask:
C2:  26629 1684   !   4       java.util.concurrent.ConcurrentHashMap::putVal (362 bytes)


---------------  P R O C E S S  ---------------

Java Threads: ( => current thread )
  0x0000000019808800 JavaThread "ReaderThread" [_thread_in_native, id=5500, stack(0x0000000019ec0000,0x0000000019fc0000)]
  0x0000000018def000 JavaThread "Service Thread" daemon [_thread_blocked, id=17952, stack(0x00000000193c0000,0x00000000194c0000)]
  0x000000001708b000 JavaThread "C1 CompilerThread2" daemon [_thread_blocked, id=10072, stack(0x00000000192c0000,0x00000000193c0000)]
=>0x000000001708a000 JavaThread "C2 CompilerThread1" daemon [_thread_in_native, id=17428, stack(0x00000000191c0000,0x00000000192c0000)]
  0x000000001705c800 JavaThread "C2 CompilerThread0" daemon [_thread_in_native, id=17504, stack(0x0000000018cc0000,0x0000000018dc0000)]
  0x000000001704c000 JavaThread "JDWP Command Reader" daemon [_thread_in_native, id=17516, stack(0x0000000018bc0000,0x0000000018cc0000)]
  0x000000001704a800 JavaThread "JDWP Event Helper Thread" daemon [_thread_blocked, id=17816, stack(0x0000000018ac0000,0x0000000018bc0000)]
  0x0000000017038000 JavaThread "JDWP Transport Listener: dt_socket" daemon [_thread_blocked, id=17356, stack(0x00000000189c0000,0x0000000018ac0000)]
  0x0000000017031800 JavaThread "Attach Listener" daemon [_thread_blocked, id=5532, stack(0x0000000018580000,0x0000000018680000)]
  0x0000000017030000 JavaThread "Signal Dispatcher" daemon [_thread_blocked, id=17840, stack(0x0000000018480000,0x0000000018580000)]
  0x000000001701a800 JavaThread "Finalizer" daemon [_thread_blocked, id=9716, stack(0x0000000018290000,0x0000000018390000)]
  0x00000000026d2000 JavaThread "Reference Handler" daemon [_thread_blocked, id=15652, stack(0x0000000018190000,0x0000000018290000)]
  0x00000000025e3800 JavaThread "main" [_thread_in_Java, id=8844, stack(0x00000000023e0000,0x00000000024e0000)]

Other Threads:
  0x0000000016ff7800 VMThread [stack: 0x0000000018090000,0x0000000018190000] [id=12616]
  0x0000000018e18800 WatcherThread [stack: 0x00000000194c0000,0x00000000195c0000] [id=7004]

VM state:not at safepoint (normal execution)

VM Mutex/Monitor currently owned by a thread:  ([mutex/lock_event])
[0x00000000023de300] CodeCache_lock - owner thread: 0x0000000000000000

Heap:
 PSYoungGen      total 36864K, used 36835K [0x00000000d6f80000, 0x00000000d9880000, 0x0000000100000000)
  eden space 31744K, 100% used [0x00000000d6f80000,0x00000000d8e80000,0x00000000d8e80000)
  from space 5120K, 99% used [0x00000000d8e80000,0x00000000d9378f58,0x00000000d9380000)
  to   space 5120K, 0% used [0x00000000d9380000,0x00000000d9380000,0x00000000d9880000)
 ParOldGen       total 84992K, used 2751K [0x0000000084e00000, 0x000000008a100000, 0x00000000d6f80000)
  object space 84992K, 3% used [0x0000000084e00000,0x00000000850affa8,0x000000008a100000)
 Metaspace       used 18462K, capacity 18720K, committed 19072K, reserved 1067008K
  class space    used 2250K, capacity 2348K, committed 2432K, reserved 1048576K

Card table byte_map: [0x0000000011aa0000,0x0000000011e80000] byte_map_base: 0x0000000011679000

Marking Bits: (ParMarkBitMap*) 0x000000006c63d850
 Begin Bits: [0x0000000012520000, 0x00000000143e8000)
 End Bits:   [0x00000000143e8000, 0x00000000162b0000)

Polling page: 0x00000000022f0000

CodeCache: size=245760Kb used=5890Kb max_used=5895Kb free=239869Kb
 bounds [0x00000000026e0000, 0x0000000002cc0000, 0x00000000116e0000]
 total_blobs=2058 nmethods=1654 adapters=322
 compilation: enabled

Compilation events (10 events):
Event: 26.596 Thread 0x000000001705c800 1679 %     4       sun.nio.cs.UTF_8$Decoder::decodeArrayLoop @ 106 (691 bytes)
Event: 26.603 Thread 0x000000001708a000 1680       4       java.io.BufferedReader::readLine (6 bytes)
Event: 26.604 Thread 0x000000001708a000 nmethod 1680 0x0000000002c83510 code [0x0000000002c83660, 0x0000000002c836e8]
Event: 26.610 Thread 0x000000001708b000 1681       3       sun.nio.cs.UTF_8$Decoder::isMalformed3 (45 bytes)
Event: 26.610 Thread 0x000000001708b000 nmethod 1681 0x00000000027f0310 code [0x00000000027f0460, 0x00000000027f06b0]
Event: 26.613 Thread 0x000000001708a000 1682       4       java.util.Collections$UnmodifiableCollection$1::next (10 bytes)
Event: 26.614 Thread 0x000000001708a000 nmethod 1682 0x0000000002c11110 code [0x0000000002c11240, 0x0000000002c112d8]
Event: 26.616 Thread 0x000000001708b000 1683       3       java.util.concurrent.ConcurrentHashMap::put (8 bytes)
Event: 26.616 Thread 0x000000001708b000 nmethod 1683 0x0000000002835690 code [0x0000000002835800, 0x0000000002835a28]
Event: 26.616 Thread 0x000000001708a000 1684   !   4       java.util.concurrent.ConcurrentHashMap::putVal (362 bytes)

GC Heap History (2 events):
Event: 9.860 GC heap before
{Heap before GC invocations=1 (full 0):
 PSYoungGen      total 36864K, used 31744K [0x00000000d6f80000, 0x00000000d9880000, 0x0000000100000000)
  eden space 31744K, 100% used [0x00000000d6f80000,0x00000000d8e80000,0x00000000d8e80000)
  from space 5120K, 0% used [0x00000000d9380000,0x00000000d9380000,0x00000000d9880000)
  to   space 5120K, 0% used [0x00000000d8e80000,0x00000000d8e80000,0x00000000d9380000)
 ParOldGen       total 84992K, used 0K [0x0000000084e00000, 0x000000008a100000, 0x00000000d6f80000)
  object space 84992K, 0% used [0x0000000084e00000,0x0000000084e00000,0x000000008a100000)
 Metaspace       used 12065K, capacity 12176K, committed 12288K, reserved 1060864K
  class space    used 1408K, capacity 1458K, committed 1536K, reserved 1048576K
Event: 9.882 GC heap after
Heap after GC invocations=1 (full 0):
 PSYoungGen      total 36864K, used 5091K [0x00000000d6f80000, 0x00000000d9880000, 0x0000000100000000)
  eden space 31744K, 0% used [0x00000000d6f80000,0x00000000d6f80000,0x00000000d8e80000)
  from space 5120K, 99% used [0x00000000d8e80000,0x00000000d9378f58,0x00000000d9380000)
  to   space 5120K, 0% used [0x00000000d9380000,0x00000000d9380000,0x00000000d9880000)
 ParOldGen       total 84992K, used 2751K [0x0000000084e00000, 0x000000008a100000, 0x00000000d6f80000)
  object space 84992K, 3% used [0x0000000084e00000,0x00000000850affa8,0x000000008a100000)
 Metaspace       used 12065K, capacity 12176K, committed 12288K, reserved 1060864K
  class space    used 1408K, capacity 1458K, committed 1536K, reserved 1048576K
}

Deoptimization events (10 events):
Event: 11.007 Thread 0x00000000025e3800 Uncommon trap: reason=class_check action=maybe_recompile pc=0x00000000029c02b8 method=java.util.HashMap.putVal(ILjava/lang/Object;Ljava/lang/Object;ZZ)Ljava/lang/Object; @ 203
Event: 11.008 Thread 0x00000000025e3800 Uncommon trap: reason=range_check action=none pc=0x000000000297171c method=sun.reflect.generics.parser.SignatureParser.current()C @ 34
Event: 11.009 Thread 0x00000000025e3800 Uncommon trap: reason=range_check action=none pc=0x000000000297171c method=sun.reflect.generics.parser.SignatureParser.current()C @ 34
Event: 11.267 Thread 0x00000000025e3800 Uncommon trap: reason=bimorphic action=maybe_recompile pc=0x0000000002af1894 method=java.net.URL.<init>(Ljava/net/URL;Ljava/lang/String;Ljava/net/URLStreamHandler;)V @ 504
Event: 11.402 Thread 0x00000000025e3800 Uncommon trap: reason=unstable_if action=reinterpret pc=0x000000000295a670 method=sun.misc.MetaIndex.mayContain(Ljava/lang/String;)Z @ 38
Event: 11.418 Thread 0x00000000025e3800 Uncommon trap: reason=unstable_if action=reinterpret pc=0x0000000002b288ac method=java.util.HashMap.putVal(ILjava/lang/Object;Ljava/lang/Object;ZZ)Ljava/lang/Object; @ 236
Event: 11.463 Thread 0x00000000025e3800 Uncommon trap: reason=unstable_if action=reinterpret pc=0x00000000028fac70 method=sun.misc.MetaIndex.mayContain(Ljava/lang/String;)Z @ 38
Event: 11.614 Thread 0x00000000025e3800 Uncommon trap: reason=unstable_if action=reinterpret pc=0x0000000002a003b0 method=java.util.LinkedHashMap.get(Ljava/lang/Object;)Ljava/lang/Object; @ 20
Event: 22.876 Thread 0x00000000025e3800 Uncommon trap: reason=bimorphic action=maybe_recompile pc=0x0000000002af1894 method=java.net.URL.<init>(Ljava/net/URL;Ljava/lang/String;Ljava/net/URLStreamHandler;)V @ 504
Event: 25.570 Thread 0x00000000025e3800 Uncommon trap: reason=predicate action=maybe_recompile pc=0x0000000002ab83c0 method=java.lang.String.regionMatches(ZILjava/lang/String;II)Z @ 63

Internal exceptions (10 events):
Event: 10.993 Thread 0x00000000025e3800 Exception <a 'java/lang/ArrayIndexOutOfBoundsException': 40> (0x00000000d7c0c808) thrown at [C:\re\workspace\8-2-build-windows-amd64-cygwin\jdk8u144\9417\hotspot\src\share\vm\interpreter\interpreterRuntime.cpp, line 366]
Event: 10.995 Thread 0x00000000025e3800 Exception <a 'java/lang/ArrayIndexOutOfBoundsException': 70> (0x00000000d7c0e448) thrown at [C:\re\workspace\8-2-build-windows-amd64-cygwin\jdk8u144\9417\hotspot\src\share\vm\interpreter\interpreterRuntime.cpp, line 366]
Event: 10.995 Thread 0x00000000025e3800 Exception <a 'java/lang/ArrayIndexOutOfBoundsException': 24> (0x00000000d7c0f878) thrown at [C:\re\workspace\8-2-build-windows-amd64-cygwin\jdk8u144\9417\hotspot\src\share\vm\interpreter\interpreterRuntime.cpp, line 366]
Event: 10.998 Thread 0x00000000025e3800 Exception <a 'java/lang/ClassNotFoundException': com/relevantcodes/extentreports/LogStatusCustomizer> (0x00000000d7c1eb80) thrown at [C:\re\workspace\8-2-build-windows-amd64-cygwin\jdk8u144\9417\hotspot\src\share\vm\classfile\systemDictionary.cpp, line 21
Event: 10.998 Thread 0x00000000025e3800 Exception <a 'java/lang/ArrayIndexOutOfBoundsException': 83> (0x00000000d7c20bc0) thrown at [C:\re\workspace\8-2-build-windows-amd64-cygwin\jdk8u144\9417\hotspot\src\share\vm\interpreter\interpreterRuntime.cpp, line 366]
Event: 11.008 Thread 0x00000000025e3800 Exception <a 'java/lang/ArrayIndexOutOfBoundsException': 24> (0x00000000d7c4eaf0) thrown at [C:\re\workspace\8-2-build-windows-amd64-cygwin\jdk8u144\9417\hotspot\src\share\vm\interpreter\interpreterRuntime.cpp, line 366]
Event: 11.009 Thread 0x00000000025e3800 Exception <a 'java/lang/ArrayIndexOutOfBoundsException': 22> (0x00000000d7c503a8) thrown at [C:\re\workspace\8-2-build-windows-amd64-cygwin\jdk8u144\9417\hotspot\src\share\vm\interpreter\interpreterRuntime.cpp, line 366]
Event: 11.394 Thread 0x00000000025e3800 Exception <a 'java/lang/NoClassDefFoundError': org/apache/log4j/Priority> (0x00000000d82bafe8) thrown at [C:\re\workspace\8-2-build-windows-amd64-cygwin\jdk8u144\9417\hotspot\src\share\vm\classfile\systemDictionary.cpp, line 199]
Event: 23.138 Thread 0x00000000025e3800 Exception <a 'java/lang/NoSuchFieldError': method resolution failed> (0x00000000d867e300) thrown at [C:\re\workspace\8-2-build-windows-amd64-cygwin\jdk8u144\9417\hotspot\src\share\vm\prims\methodHandles.cpp, line 1146]
Event: 25.366 Thread 0x00000000025e3800 Exception <a 'java/lang/NoSuchFieldError': method resolution failed> (0x00000000d868bd90) thrown at [C:\re\workspace\8-2-build-windows-amd64-cygwin\jdk8u144\9417\hotspot\src\share\vm\prims\methodHandles.cpp, line 1146]

Events (10 events):
Event: 26.611 Thread 0x00000000025e3800 DEOPT PACKING pc=0x00000000028415f4 sp=0x00000000024dca20
Event: 26.611 Thread 0x00000000025e3800 DEOPT UNPACKING pc=0x000000000272787f sp=0x00000000024dc840 mode 1
Event: 26.612 loading class org/apache/http/conn/util/PublicSuffixMatcher
Event: 26.612 loading class org/apache/http/conn/util/PublicSuffixMatcher done
Event: 26.612 Thread 0x00000000025e3800 DEOPT PACKING pc=0x00000000028a6cc1 sp=0x00000000024dc8b0
Event: 26.612 Thread 0x00000000025e3800 DEOPT UNPACKING pc=0x000000000272787f sp=0x00000000024dc600 mode 1
Event: 26.612 Thread 0x00000000025e3800 DEOPT PACKING pc=0x000000000284185c sp=0x00000000024dc930
Event: 26.612 Thread 0x00000000025e3800 DEOPT UNPACKING pc=0x000000000272787f sp=0x00000000024dc750 mode 1
Event: 26.612 Thread 0x00000000025e3800 DEOPT PACKING pc=0x00000000028415f4 sp=0x00000000024dcac0
Event: 26.612 Thread 0x00000000025e3800 DEOPT UNPACKING pc=0x000000000272787f sp=0x00000000024dc8e0 mode 1


Dynamic libraries:
0x00007ff628ee0000 - 0x00007ff628f17000 	C:\Program Files\Java\jre1.8.0_144\bin\javaw.exe
0x00007ffc06f30000 - 0x00007ffc0710b000 	C:\WINDOWS\SYSTEM32\ntdll.dll
0x00007ffc066e0000 - 0x00007ffc0678e000 	C:\WINDOWS\System32\KERNEL32.DLL
0x00007ffc03d50000 - 0x00007ffc03f99000 	C:\WINDOWS\System32\KERNELBASE.dll
0x00007ffc04470000 - 0x00007ffc04511000 	C:\WINDOWS\System32\ADVAPI32.dll
0x00007ffc048d0000 - 0x00007ffc0496d000 	C:\WINDOWS\System32\msvcrt.dll
0x00007ffc06940000 - 0x00007ffc06999000 	C:\WINDOWS\System32\sechost.dll
0x00007ffc06240000 - 0x00007ffc06365000 	C:\WINDOWS\System32\RPCRT4.dll
0x00007ffc06de0000 - 0x00007ffc06f2a000 	C:\WINDOWS\System32\USER32.dll
0x00007ffc03b90000 - 0x00007ffc03bae000 	C:\WINDOWS\System32\win32u.dll
0x00007ffc06890000 - 0x00007ffc068b7000 	C:\WINDOWS\System32\GDI32.dll
0x00007ffc03fa0000 - 0x00007ffc04127000 	C:\WINDOWS\System32\gdi32full.dll
0x00007ffc03cb0000 - 0x00007ffc03d4a000 	C:\WINDOWS\System32\msvcp_win.dll
0x00007ffc04370000 - 0x00007ffc04466000 	C:\WINDOWS\System32\ucrtbase.dll
0x00007ffbf6710000 - 0x00007ffbf6977000 	C:\WINDOWS\WinSxS\amd64_microsoft.windows.common-controls_6595b64144ccf1df_6.0.15063.483_none_26002d27e7c744a2\COMCTL32.dll
0x00007ffc04970000 - 0x00007ffc04c69000 	C:\WINDOWS\System32\combase.dll
0x00007ffc04300000 - 0x00007ffc0436a000 	C:\WINDOWS\System32\bcryptPrimitives.dll
0x00007ffc067f0000 - 0x00007ffc0681d000 	C:\WINDOWS\System32\IMM32.DLL
0x000000006bd40000 - 0x000000006be12000 	C:\Program Files\Java\jre1.8.0_144\bin\msvcr100.dll
0x000000006be20000 - 0x000000006c6bd000 	C:\Program Files\Java\jre1.8.0_144\bin\server\jvm.dll
0x00007ffc06450000 - 0x00007ffc06458000 	C:\WINDOWS\System32\PSAPI.DLL
0x00007ffbf13f0000 - 0x00007ffbf13f9000 	C:\WINDOWS\SYSTEM32\WSOCK32.dll
0x00007ffc06820000 - 0x00007ffc0688c000 	C:\WINDOWS\System32\WS2_32.dll
0x00007ffc00420000 - 0x00007ffc00443000 	C:\WINDOWS\SYSTEM32\WINMM.dll
0x00007ffbfdb50000 - 0x00007ffbfdb5a000 	C:\WINDOWS\SYSTEM32\VERSION.dll
0x00007ffc003f0000 - 0x00007ffc0041b000 	C:\WINDOWS\SYSTEM32\WINMMBASE.dll
0x00007ffc03bb0000 - 0x00007ffc03bf9000 	C:\WINDOWS\System32\cfgmgr32.dll
0x000000006dcf0000 - 0x000000006dcff000 	C:\Program Files\Java\jre1.8.0_144\bin\verify.dll
0x000000006dcc0000 - 0x000000006dce9000 	C:\Program Files\Java\jre1.8.0_144\bin\java.dll
0x000000006bd00000 - 0x000000006bd35000 	C:\Program Files\Java\jre1.8.0_144\bin\jdwp.dll
0x000000006bcf0000 - 0x000000006bcf8000 	C:\Program Files\Java\jre1.8.0_144\bin\npt.dll
0x000000006dca0000 - 0x000000006dcb6000 	C:\Program Files\Java\jre1.8.0_144\bin\zip.dll
0x00007ffc04de0000 - 0x00007ffc06217000 	C:\WINDOWS\System32\SHELL32.dll
0x00007ffc04520000 - 0x00007ffc045ca000 	C:\WINDOWS\System32\shcore.dll
0x00007ffc03490000 - 0x00007ffc03b81000 	C:\WINDOWS\System32\windows.storage.dll
0x00007ffc04630000 - 0x00007ffc04681000 	C:\WINDOWS\System32\shlwapi.dll
0x00007ffc03380000 - 0x00007ffc03391000 	C:\WINDOWS\System32\kernel.appcore.dll
0x00007ffc033a0000 - 0x00007ffc033ec000 	C:\WINDOWS\System32\powrprof.dll
0x00007ffc033f0000 - 0x00007ffc03405000 	C:\WINDOWS\System32\profapi.dll
0x000000006bce0000 - 0x000000006bce9000 	C:\Program Files\Java\jre1.8.0_144\bin\dt_socket.dll
0x00007ffbe1f80000 - 0x00007ffbe1f96000 	C:\WINDOWS\system32\napinsp.dll
0x00007ffbe1f60000 - 0x00007ffbe1f7a000 	C:\WINDOWS\system32\pnrpnsp.dll
0x00007ffc00950000 - 0x00007ffc00968000 	C:\WINDOWS\system32\NLAapi.dll
0x00007ffc02c90000 - 0x00007ffc02cec000 	C:\WINDOWS\System32\mswsock.dll
0x00007ffc02a70000 - 0x00007ffc02b14000 	C:\WINDOWS\SYSTEM32\DNSAPI.dll
0x00007ffc06570000 - 0x00007ffc06578000 	C:\WINDOWS\System32\NSI.dll
0x00007ffc02a30000 - 0x00007ffc02a67000 	C:\WINDOWS\SYSTEM32\IPHLPAPI.DLL
0x00007ffbe1f30000 - 0x00007ffbe1f3e000 	C:\WINDOWS\System32\winrnr.dll
0x00007ffbe1f40000 - 0x00007ffbe1f55000 	C:\WINDOWS\System32\wshbth.dll
0x00007ffbf7a00000 - 0x00007ffbf7a6b000 	C:\WINDOWS\System32\fwpuclnt.dll
0x00007ffc02f40000 - 0x00007ffc02f65000 	C:\WINDOWS\SYSTEM32\bcrypt.dll
0x00007ffbf0ad0000 - 0x00007ffbf0ada000 	C:\Windows\System32\rasadhlp.dll
0x000000006dc80000 - 0x000000006dc9a000 	C:\Program Files\Java\jre1.8.0_144\bin\net.dll
0x00007ffc02e30000 - 0x00007ffc02e47000 	C:\WINDOWS\SYSTEM32\CRYPTSP.dll
0x00007ffc028b0000 - 0x00007ffc028e4000 	C:\WINDOWS\system32\rsaenh.dll
0x00007ffc032b0000 - 0x00007ffc032d9000 	C:\WINDOWS\SYSTEM32\USERENV.dll
0x00007ffc02e50000 - 0x00007ffc02e5b000 	C:\WINDOWS\SYSTEM32\CRYPTBASE.dll
0x00007ffbfda60000 - 0x00007ffbfda76000 	C:\WINDOWS\SYSTEM32\dhcpcsvc6.DLL
0x00007ffbfdac0000 - 0x00007ffbfdada000 	C:\WINDOWS\SYSTEM32\dhcpcsvc.DLL
0x000000006cb80000 - 0x000000006cb91000 	C:\Program Files\Java\jre1.8.0_144\bin\nio.dll
0x000000006cb50000 - 0x000000006cb74000 	C:\Program Files\Java\jre1.8.0_144\bin\sunec.dll

VM Arguments:
jvm_args: -agentlib:jdwp=transport=dt_socket,suspend=y,address=localhost:61602 -ea -Dfile.encoding=Cp1252 
java_command: org.testng.remote.RemoteTestNG -serport 61595 -protocol json -d D:\Seleniumworkspace\Maven_Xcelerate\test-output D:\Seleniumworkspace\Maven_Xcelerate\testng.xml
java_class_path (initial): D:\Selenium\eclipse\configuration\org.eclipse.osgi\473\0\.cp\lib\testng-remote.jar;D:\Seleniumworkspace\Maven_Xcelerate\target\test-classes;D:\Seleniumworkspace\Maven_Xcelerate\target\classes;D:\Selenium\eclipse\plugins\org.testng_6.12.0.r201709030044.jar;D:\Selenium\eclipse\plugins\com.beust.jcommander_1.66.0.jar;D:\Selenium\eclipse\plugins\org.apache-extras.beanshell.bsh_2.0.0.b6.jar;D:\Selenium\eclipse\plugins\org.yaml.snakeyaml_1.17.0.jar;C:\Users\user\.m2\repository\org\testng\testng\6.8\testng-6.8.jar;C:\Users\user\.m2\repository\junit\junit\4.10\junit-4.10.jar;C:\Users\user\.m2\repository\org\hamcrest\hamcrest-core\1.1\hamcrest-core-1.1.jar;C:\Users\user\.m2\repository\org\beanshell\bsh\2.0b4\bsh-2.0b4.jar;C:\Users\user\.m2\repository\com\beust\jcommander\1.27\jcommander-1.27.jar;C:\Users\user\.m2\repository\org\yaml\snakeyaml\1.6\snakeyaml-1.6.jar;C:\Users\user\.m2\repository\com\codoid\products\fillo\1.16\fillo-1.16.jar;C:\Users\user\.m2\repository\com\relevantcodes\extentreports\2.41.2\extentreports-2.41.2.jar;C:\Users\user\.m2\repository\org\jsoup\jsoup\1.8.3\jsoup-1.8.3.jar;C:\Users\user\.m2\repository\org\xerial\sqlite-jdbc\3.8.11.1\sqlite-jdbc-3.8.11.1.jar;C:\Users\user\.m2\repository\org\freemarker\freemarker\2.3.23\freemarker-2.3.23.jar;C:\Users\user\.m2\repository\org\mongodb\mongodb-driver\3.0.4\mongodb-driver-3.0.4.jar;C:\Users\user\.m2\repository\org\mongodb\bson\3.0.4\bson-3.0.4.jar;C:\Users\user\.m2\repository\org\mongodb\mongodb-driver-core\3.0.4\mongodb-driver-core-3.0.4.jar;C:\Users\user\.m2\repository\org\seleniumhq\selenium\selenium-java\2.53.0\selenium-java-2.53.0.jar;C:\Users\user\.m2\repository\org\seleniumhq\selenium\selenium-chrome-driver\2.53.0\selenium-chrome-driver-2.53.0.jar;C:\Users\user\.m2\repository\org\seleniumhq\selenium\selenium-remote-driver\2.53.0\selenium-remote-driver-2.53.0.jar;C:\Users\user\.m2\repository\cglib\cglib-nodep\2.1_3\cglib-nodep-2.1_3.jar;C:\Users\user\.m2\repository\com\google
Launcher Type: SUN_STANDARD

Environment Variables:
JAVA_HOME=C:\Program Files\Java\jre1.8.0_144\
PATH=C:/Program Files/Java/jre1.8.0_144/bin/server;C:/Program Files/Java/jre1.8.0_144/bin;C:/Program Files/Java/jre1.8.0_144/lib/amd64;C:\ProgramData\Oracle\Java\javapath;C:\Program Files (x86)\Intel\iCLS Client\;C:\Program Files\Intel\iCLS Client\;C:\WINDOWS\system32;C:\WINDOWS;C:\WINDOWS\System32\Wbem;C:\WINDOWS\System32\WindowsPowerShell\v1.0\;C:\Program Files (x86)\Intel\OpenCL SDK\3.0\bin\x86;C:\Program Files (x86)\Intel\OpenCL SDK\3.0\bin\x64;C:\Program Files (x86)\Microsoft SQL Server\110\Tools\Binn\;C:\Program Files\Microsoft SQL Server\110\Tools\Binn\;C:\Program Files\Microsoft SQL Server\110\DTS\Binn\;C:\Program Files (x86)\Microsoft SQL Server\110\Tools\Binn\ManagementStudio\;C:\Program Files (x86)\Microsoft Visual Studio 10.0\Common7\IDE\PrivateAssemblies\;C:\Program Files (x86)\Microsoft SQL Server\110\DTS\Binn\;C:\Program Files (x86)\Intel\Intel(R) Management Engine Components\DAL;C:\Program Files\Intel\Intel(R) Management Engine Components\DAL;C:\Program Files (x86)\Intel\Intel(R) Management Engine Components\IPT;C:\Program Files\Intel\Intel(R) Management Engine Components\IPT;C:\Program Files\Intel\WiFi\bin\;C:\Program Files\Common Files\Intel\WirelessCommon\;C:\Program Files\maven\bin;C:\Program Files\Git\cmd;C:\Users\user\AppData\Local\Microsoft\WindowsApps;C:\Program Files\Intel\WiFi\bin\;C:\Program Files\Common Files\Intel\WirelessCommon\;;D:\Selenium\eclipse;
USERNAME=user
OS=Windows_NT
PROCESSOR_IDENTIFIER=Intel64 Family 6 Model 69 Stepping 1, GenuineIntel



---------------  S Y S T E M  ---------------

OS: Windows 10.0 , 64 bit Build 15063 (10.0.15063.296)

CPU:total 4 (initial active 4) (2 cores per cpu, 2 threads per core) family 6 model 69 stepping 1, cmov, cx8, fxsr, mmx, sse, sse2, sse3, ssse3, sse4.1, sse4.2, popcnt, avx, avx2, aes, clmul, erms, lzcnt, ht, tsc, tscinvbit, bmi1, bmi2

Memory: 4k page, physical 8067968k(1396788k free), swap 10162048k(1096k free)

vm_info: Java HotSpot(TM) 64-Bit Server VM (25.144-b01) for windows-amd64 JRE (1.8.0_144-b01), built on Jul 21 2017 21:57:33 by "java_re" with MS VC++ 10.0 (VS2010)

time: Thu Dec 14 08:30:05 2017
elapsed time: 26 seconds (0d 0h 0m 26s)

