#
# There is insufficient memory for the Java Runtime Environment to continue.
# Native memory allocation (malloc) failed to allocate 111776 bytes for Chunk::new
# Possible reasons:
#   The system is out of physical RAM or swap space
#   In 32 bit mode, the process size limit was hit
# Possible solutions:
#   Reduce memory load on the system
#   Increase physical memory or swap space
#   Check if swap backing store is full
#   Use 64 bit Java on a 64 bit OS
#   Decrease Java heap size (-Xmx/-Xms)
#   Decrease number of Java threads
#   Decrease Java thread stack sizes (-Xss)
#   Set larger code cache with -XX:ReservedCodeCacheSize=
# This output file may be truncated or incomplete.
#
#  Out of Memory Error (allocation.cpp:390), pid=12120, tid=0x0000000000000fec
#
# JRE version: Java(TM) SE Runtime Environment (8.0_144-b01) (build 1.8.0_144-b01)
# Java VM: Java HotSpot(TM) 64-Bit Server VM (25.144-b01 mixed mode windows-amd64 compressed oops)
# Failed to write core dump. Minidumps are not enabled by default on client versions of Windows
#

---------------  T H R E A D  ---------------

Current thread (0x000000001763d800):  JavaThread "C2 CompilerThread1" daemon [_thread_in_native, id=4076, stack(0x0000000019770000,0x0000000019870000)]

Stack: [0x0000000019770000,0x0000000019870000]
[error occurred during error reporting (printing stack bounds), id 0xc0000005]

Native frames: (J=compiled Java code, j=interpreted, Vv=VM code, C=native code)


Current CompileTask:
C2:  10818  446       4       sun.misc.MetaIndex::mayContain (51 bytes)


---------------  P R O C E S S  ---------------

Java Threads: ( => current thread )
  0x0000000019e70800 JavaThread "ReaderThread" [_thread_in_native, id=15084, stack(0x000000001a470000,0x000000001a570000)]
  0x000000001939c800 JavaThread "Service Thread" daemon [_thread_blocked, id=15832, stack(0x0000000019970000,0x0000000019a70000)]
  0x000000001763e000 JavaThread "C1 CompilerThread2" daemon [_thread_in_vm, id=2860, stack(0x0000000019870000,0x0000000019970000)]
=>0x000000001763d800 JavaThread "C2 CompilerThread1" daemon [_thread_in_native, id=4076, stack(0x0000000019770000,0x0000000019870000)]
  0x0000000017606800 JavaThread "C2 CompilerThread0" daemon [_thread_blocked, id=2612, stack(0x0000000019270000,0x0000000019370000)]
  0x00000000175fa800 JavaThread "JDWP Command Reader" daemon [_thread_in_native, id=15288, stack(0x0000000019170000,0x0000000019270000)]
  0x00000000175f9000 JavaThread "JDWP Event Helper Thread" daemon [_thread_blocked, id=14796, stack(0x0000000019070000,0x0000000019170000)]
  0x00000000175e6800 JavaThread "JDWP Transport Listener: dt_socket" daemon [_thread_blocked, id=10612, stack(0x0000000018f70000,0x0000000019070000)]
  0x00000000175df800 JavaThread "Attach Listener" daemon [_thread_blocked, id=12668, stack(0x0000000018b30000,0x0000000018c30000)]
  0x00000000175de000 JavaThread "Signal Dispatcher" daemon [_thread_blocked, id=14844, stack(0x0000000018a30000,0x0000000018b30000)]
  0x0000000002c8c800 JavaThread "Finalizer" daemon [_thread_blocked, id=13828, stack(0x0000000018840000,0x0000000018940000)]
  0x0000000002c82000 JavaThread "Reference Handler" daemon [_thread_blocked, id=13032, stack(0x0000000018740000,0x0000000018840000)]
  0x0000000002b93800 JavaThread "main" [_thread_in_vm, id=3356, stack(0x0000000002a90000,0x0000000002b90000)]

Other Threads:
  0x00000000175a7800 VMThread [stack: 0x0000000018640000,0x0000000018740000] [id=8484]
  0x00000000193d6800 WatcherThread [stack: 0x0000000019a70000,0x0000000019b70000] [id=976]

VM state:not at safepoint (normal execution)

VM Mutex/Monitor currently owned by a thread: None

Heap:
 PSYoungGen      total 36864K, used 10833K [0x00000000d6f80000, 0x00000000d9880000, 0x0000000100000000)
  eden space 31744K, 34% used [0x00000000d6f80000,0x00000000d7a14780,0x00000000d8e80000)
  from space 5120K, 0% used [0x00000000d9380000,0x00000000d9380000,0x00000000d9880000)
  to   space 5120K, 0% used [0x00000000d8e80000,0x00000000d8e80000,0x00000000d9380000)
 ParOldGen       total 84992K, used 0K [0x0000000084e00000, 0x000000008a100000, 0x00000000d6f80000)
  object space 84992K, 0% used [0x0000000084e00000,0x0000000084e00000,0x000000008a100000)
 Metaspace       used 7328K, capacity 7472K, committed 7680K, reserved 1056768K
  class space    used 864K, capacity 914K, committed 1024K, reserved 1048576K

Card table byte_map: [0x0000000012050000,0x0000000012430000] byte_map_base: 0x0000000011c29000

Marking Bits: (ParMarkBitMap*) 0x000000006c63d850
 Begin Bits: [0x0000000012ad0000, 0x0000000014998000)
 End Bits:   [0x0000000014998000, 0x0000000016860000)

Polling page: 0x0000000000ec0000

CodeCache: size=245760Kb used=2209Kb max_used=2209Kb free=243550Kb
 bounds [0x0000000002c90000, 0x0000000002f00000, 0x0000000011c90000]
 total_blobs=754 nmethods=459 adapters=216
 compilation: enabled

Compilation events (10 events):
Event: 10.617 Thread 0x000000001763e000 nmethod 441 0x0000000002ea5990 code [0x0000000002ea5ae0, 0x0000000002ea5c50]
Event: 10.617 Thread 0x000000001763e000  442       3       sun.misc.URLClassPath$JarLoader$2::getManifest (11 bytes)
Event: 10.617 Thread 0x000000001763e000 nmethod 442 0x0000000002ea3dd0 code [0x0000000002ea3f40, 0x0000000002ea4188]
Event: 10.617 Thread 0x000000001763e000  443       3       java.util.jar.JarFile::getManifest (5 bytes)
Event: 10.617 Thread 0x000000001763e000 nmethod 443 0x0000000002ead190 code [0x0000000002ead300, 0x0000000002ead488]
Event: 10.617 Thread 0x000000001763e000  444       3       sun.misc.URLClassPath$JarLoader$2::getCodeSigners (8 bytes)
Event: 10.617 Thread 0x000000001763e000 nmethod 444 0x0000000002ead510 code [0x0000000002ead680, 0x0000000002ead8a8]
Event: 10.618 Thread 0x0000000017606800  445       4       java.lang.StringBuilder::append (8 bytes)
Event: 10.624 Thread 0x000000001763d800  446       4       sun.misc.MetaIndex::mayContain (51 bytes)
Event: 10.625 Thread 0x0000000017606800 nmethod 445 0x0000000002eb0ad0 code [0x0000000002eb0c20, 0x0000000002eb1198]

GC Heap History (0 events):
No events

Deoptimization events (2 events):
Event: 7.672 Thread 0x0000000002b93800 Uncommon trap: reason=unstable_if action=reinterpret pc=0x0000000002de6ab4 method=java.lang.String.startsWith(Ljava/lang/String;I)Z @ 25
Event: 8.492 Thread 0x0000000002b93800 Uncommon trap: reason=unstable_if action=reinterpret pc=0x0000000002e2fbc0 method=java.lang.String.indexOf([CII[CIII)I @ 3

Internal exceptions (10 events):
Event: 0.161 Thread 0x0000000002b93800 Exception <a 'java/lang/NoSuchMethodError': Method sun.misc.Unsafe.defineClass(Ljava/lang/String;[BII)Ljava/lang/Class; name or signature does not match> (0x00000000d6f87ca8) thrown at [C:\re\workspace\8-2-build-windows-amd64-cygwin\jdk8u144\9417\hotspot\
Event: 0.162 Thread 0x0000000002b93800 Exception <a 'java/lang/NoSuchMethodError': Method sun.misc.Unsafe.prefetchRead(Ljava/lang/Object;J)V name or signature does not match> (0x00000000d6f87f90) thrown at [C:\re\workspace\8-2-build-windows-amd64-cygwin\jdk8u144\9417\hotspot\src\share\vm\prims
Event: 5.903 Thread 0x0000000002b93800 Exception <a 'java/lang/ArrayIndexOutOfBoundsException'> (0x00000000d7304e50) thrown at [C:\re\workspace\8-2-build-windows-amd64-cygwin\jdk8u144\9417\hotspot\src\share\vm\runtime\sharedRuntime.cpp, line 605]
Event: 5.904 Thread 0x0000000002b93800 Exception <a 'java/lang/ArrayIndexOutOfBoundsException'> (0x00000000d7305d58) thrown at [C:\re\workspace\8-2-build-windows-amd64-cygwin\jdk8u144\9417\hotspot\src\share\vm\runtime\sharedRuntime.cpp, line 605]
Event: 7.341 Thread 0x0000000002b93800 Exception <a 'java/security/PrivilegedActionException'> (0x00000000d732a088) thrown at [C:\re\workspace\8-2-build-windows-amd64-cygwin\jdk8u144\9417\hotspot\src\share\vm\prims\jvm.cpp, line 1390]
Event: 7.341 Thread 0x0000000002b93800 Exception <a 'java/security/PrivilegedActionException'> (0x00000000d732a298) thrown at [C:\re\workspace\8-2-build-windows-amd64-cygwin\jdk8u144\9417\hotspot\src\share\vm\prims\jvm.cpp, line 1390]
Event: 7.577 Thread 0x0000000002b93800 Exception <a 'java/security/PrivilegedActionException'> (0x00000000d732df08) thrown at [C:\re\workspace\8-2-build-windows-amd64-cygwin\jdk8u144\9417\hotspot\src\share\vm\prims\jvm.cpp, line 1390]
Event: 7.577 Thread 0x0000000002b93800 Exception <a 'java/security/PrivilegedActionException'> (0x00000000d732e118) thrown at [C:\re\workspace\8-2-build-windows-amd64-cygwin\jdk8u144\9417\hotspot\src\share\vm\prims\jvm.cpp, line 1390]
Event: 10.497 Thread 0x0000000002b93800 Exception <a 'java/lang/ArrayIndexOutOfBoundsException'> (0x00000000d7889180) thrown at [C:\re\workspace\8-2-build-windows-amd64-cygwin\jdk8u144\9417\hotspot\src\share\vm\runtime\sharedRuntime.cpp, line 605]
Event: 10.498 Thread 0x0000000002b93800 Exception <a 'java/lang/ArrayIndexOutOfBoundsException'> (0x00000000d7889e08) thrown at [C:\re\workspace\8-2-build-windows-amd64-cygwin\jdk8u144\9417\hotspot\src\share\vm\runtime\sharedRuntime.cpp, line 605]

Events (10 events):
Event: 10.625 Thread 0x0000000002b93800 DEOPT UNPACKING pc=0x0000000002cd787f sp=0x0000000002b8db90 mode 1
Event: 10.625 loading class org/testng/shaded/com/google/gson/internal/bind/ObjectTypeAdapter$1
Event: 10.625 loading class org/testng/shaded/com/google/gson/internal/bind/ObjectTypeAdapter$1 done
Event: 10.625 Thread 0x0000000002b93800 DEOPT PACKING pc=0x0000000002e53781 sp=0x0000000002b8d380
Event: 10.625 Thread 0x0000000002b93800 DEOPT UNPACKING pc=0x0000000002cd787f sp=0x0000000002b8d0d0 mode 1
Event: 10.625 Thread 0x0000000002b93800 DEOPT PACKING pc=0x0000000002df8cdc sp=0x0000000002b8d400
Event: 10.625 Thread 0x0000000002b93800 DEOPT UNPACKING pc=0x0000000002cd787f sp=0x0000000002b8d220 mode 1
Event: 10.625 Thread 0x0000000002b93800 DEOPT PACKING pc=0x0000000002df8a74 sp=0x0000000002b8d590
Event: 10.625 Thread 0x0000000002b93800 DEOPT UNPACKING pc=0x0000000002cd787f sp=0x0000000002b8d3b0 mode 1
Event: 10.626 loading class org/testng/shaded/com/google/gson/Gson$5


Dynamic libraries:
0x00007ff628ee0000 - 0x00007ff628f17000 	C:\Program Files\Java\jre1.8.0_144\bin\javaw.exe
0x00007ffc06f30000 - 0x00007ffc0710b000 	C:\WINDOWS\SYSTEM32\ntdll.dll
0x00007ffc066e0000 - 0x00007ffc0678e000 	C:\WINDOWS\System32\KERNEL32.DLL
0x00007ffc03d50000 - 0x00007ffc03f99000 	C:\WINDOWS\System32\KERNELBASE.dll
0x00007ffc04470000 - 0x00007ffc04511000 	C:\WINDOWS\System32\ADVAPI32.dll
0x00007ffc048d0000 - 0x00007ffc0496d000 	C:\WINDOWS\System32\msvcrt.dll
0x00007ffc06940000 - 0x00007ffc06999000 	C:\WINDOWS\System32\sechost.dll
0x00007ffc06240000 - 0x00007ffc06365000 	C:\WINDOWS\System32\RPCRT4.dll
0x00007ffc06de0000 - 0x00007ffc06f2a000 	C:\WINDOWS\System32\USER32.dll
0x00007ffc03b90000 - 0x00007ffc03bae000 	C:\WINDOWS\System32\win32u.dll
0x00007ffc06890000 - 0x00007ffc068b7000 	C:\WINDOWS\System32\GDI32.dll
0x00007ffc03fa0000 - 0x00007ffc04127000 	C:\WINDOWS\System32\gdi32full.dll
0x00007ffc03cb0000 - 0x00007ffc03d4a000 	C:\WINDOWS\System32\msvcp_win.dll
0x00007ffc04370000 - 0x00007ffc04466000 	C:\WINDOWS\System32\ucrtbase.dll
0x00007ffbf6710000 - 0x00007ffbf6977000 	C:\WINDOWS\WinSxS\amd64_microsoft.windows.common-controls_6595b64144ccf1df_6.0.15063.483_none_26002d27e7c744a2\COMCTL32.dll
0x00007ffc04970000 - 0x00007ffc04c69000 	C:\WINDOWS\System32\combase.dll
0x00007ffc04300000 - 0x00007ffc0436a000 	C:\WINDOWS\System32\bcryptPrimitives.dll
0x00007ffc067f0000 - 0x00007ffc0681d000 	C:\WINDOWS\System32\IMM32.DLL
0x000000006bd40000 - 0x000000006be12000 	C:\Program Files\Java\jre1.8.0_144\bin\msvcr100.dll
0x000000006be20000 - 0x000000006c6bd000 	C:\Program Files\Java\jre1.8.0_144\bin\server\jvm.dll
0x00007ffc06450000 - 0x00007ffc06458000 	C:\WINDOWS\System32\PSAPI.DLL
0x00007ffbf13f0000 - 0x00007ffbf13f9000 	C:\WINDOWS\SYSTEM32\WSOCK32.dll
0x00007ffc06820000 - 0x00007ffc0688c000 	C:\WINDOWS\System32\WS2_32.dll
0x00007ffc00420000 - 0x00007ffc00443000 	C:\WINDOWS\SYSTEM32\WINMM.dll
0x00007ffbfdb50000 - 0x00007ffbfdb5a000 	C:\WINDOWS\SYSTEM32\VERSION.dll
0x00007ffc003f0000 - 0x00007ffc0041b000 	C:\WINDOWS\SYSTEM32\WINMMBASE.dll
0x00007ffc03bb0000 - 0x00007ffc03bf9000 	C:\WINDOWS\System32\cfgmgr32.dll
0x000000006dcf0000 - 0x000000006dcff000 	C:\Program Files\Java\jre1.8.0_144\bin\verify.dll
0x000000006dcc0000 - 0x000000006dce9000 	C:\Program Files\Java\jre1.8.0_144\bin\java.dll
0x000000006bd00000 - 0x000000006bd35000 	C:\Program Files\Java\jre1.8.0_144\bin\jdwp.dll
0x000000006bcf0000 - 0x000000006bcf8000 	C:\Program Files\Java\jre1.8.0_144\bin\npt.dll
0x000000006dca0000 - 0x000000006dcb6000 	C:\Program Files\Java\jre1.8.0_144\bin\zip.dll
0x00007ffc04de0000 - 0x00007ffc06217000 	C:\WINDOWS\System32\SHELL32.dll
0x00007ffc04520000 - 0x00007ffc045ca000 	C:\WINDOWS\System32\shcore.dll
0x00007ffc03490000 - 0x00007ffc03b81000 	C:\WINDOWS\System32\windows.storage.dll
0x00007ffc04630000 - 0x00007ffc04681000 	C:\WINDOWS\System32\shlwapi.dll
0x00007ffc03380000 - 0x00007ffc03391000 	C:\WINDOWS\System32\kernel.appcore.dll
0x00007ffc033a0000 - 0x00007ffc033ec000 	C:\WINDOWS\System32\powrprof.dll
0x00007ffc033f0000 - 0x00007ffc03405000 	C:\WINDOWS\System32\profapi.dll
0x000000006bce0000 - 0x000000006bce9000 	C:\Program Files\Java\jre1.8.0_144\bin\dt_socket.dll
0x00007ffbe1f80000 - 0x00007ffbe1f96000 	C:\WINDOWS\system32\napinsp.dll
0x00007ffbe1f60000 - 0x00007ffbe1f7a000 	C:\WINDOWS\system32\pnrpnsp.dll
0x00007ffc00950000 - 0x00007ffc00968000 	C:\WINDOWS\system32\NLAapi.dll
0x00007ffc02c90000 - 0x00007ffc02cec000 	C:\WINDOWS\System32\mswsock.dll
0x00007ffc02a70000 - 0x00007ffc02b14000 	C:\WINDOWS\SYSTEM32\DNSAPI.dll
0x00007ffc06570000 - 0x00007ffc06578000 	C:\WINDOWS\System32\NSI.dll
0x00007ffc02a30000 - 0x00007ffc02a67000 	C:\WINDOWS\SYSTEM32\IPHLPAPI.DLL
0x00007ffbe1f30000 - 0x00007ffbe1f3e000 	C:\WINDOWS\System32\winrnr.dll
0x00007ffbe1f40000 - 0x00007ffbe1f55000 	C:\WINDOWS\System32\wshbth.dll
0x00007ffbf7a00000 - 0x00007ffbf7a6b000 	C:\WINDOWS\System32\fwpuclnt.dll
0x00007ffc02f40000 - 0x00007ffc02f65000 	C:\WINDOWS\SYSTEM32\bcrypt.dll
0x00007ffbf0ad0000 - 0x00007ffbf0ada000 	C:\Windows\System32\rasadhlp.dll
0x000000006dc80000 - 0x000000006dc9a000 	C:\Program Files\Java\jre1.8.0_144\bin\net.dll
0x00007ffc02e30000 - 0x00007ffc02e47000 	C:\WINDOWS\SYSTEM32\CRYPTSP.dll
0x00007ffc028b0000 - 0x00007ffc028e4000 	C:\WINDOWS\system32\rsaenh.dll
0x00007ffc032b0000 - 0x00007ffc032d9000 	C:\WINDOWS\SYSTEM32\USERENV.dll
0x00007ffc02e50000 - 0x00007ffc02e5b000 	C:\WINDOWS\SYSTEM32\CRYPTBASE.dll
0x00007ffbfda60000 - 0x00007ffbfda76000 	C:\WINDOWS\SYSTEM32\dhcpcsvc6.DLL
0x00007ffbfdac0000 - 0x00007ffbfdada000 	C:\WINDOWS\SYSTEM32\dhcpcsvc.DLL
0x000000006cb80000 - 0x000000006cb91000 	C:\Program Files\Java\jre1.8.0_144\bin\nio.dll

VM Arguments:
jvm_args: -agentlib:jdwp=transport=dt_socket,suspend=y,address=localhost:60400 -ea -Dfile.encoding=Cp1252 
java_command: org.testng.remote.RemoteTestNG -serport 60394 -protocol json -d D:\Seleniumworkspace\Maven_Xcelerate\test-output D:\Seleniumworkspace\Maven_Xcelerate\testng.xml
java_class_path (initial): D:\Selenium\eclipse\configuration\org.eclipse.osgi\473\0\.cp\lib\testng-remote.jar;D:\Seleniumworkspace\Maven_Xcelerate\target\test-classes;D:\Seleniumworkspace\Maven_Xcelerate\target\classes;D:\Selenium\eclipse\plugins\org.testng_6.12.0.r201709030044.jar;D:\Selenium\eclipse\plugins\com.beust.jcommander_1.66.0.jar;D:\Selenium\eclipse\plugins\org.apache-extras.beanshell.bsh_2.0.0.b6.jar;D:\Selenium\eclipse\plugins\org.yaml.snakeyaml_1.17.0.jar;C:\Users\user\.m2\repository\org\testng\testng\6.8\testng-6.8.jar;C:\Users\user\.m2\repository\junit\junit\4.10\junit-4.10.jar;C:\Users\user\.m2\repository\org\hamcrest\hamcrest-core\1.1\hamcrest-core-1.1.jar;C:\Users\user\.m2\repository\org\beanshell\bsh\2.0b4\bsh-2.0b4.jar;C:\Users\user\.m2\repository\com\beust\jcommander\1.27\jcommander-1.27.jar;C:\Users\user\.m2\repository\org\yaml\snakeyaml\1.6\snakeyaml-1.6.jar;C:\Users\user\.m2\repository\com\codoid\products\fillo\1.16\fillo-1.16.jar;C:\Users\user\.m2\repository\com\relevantcodes\extentreports\2.41.2\extentreports-2.41.2.jar;C:\Users\user\.m2\repository\org\jsoup\jsoup\1.8.3\jsoup-1.8.3.jar;C:\Users\user\.m2\repository\org\xerial\sqlite-jdbc\3.8.11.1\sqlite-jdbc-3.8.11.1.jar;C:\Users\user\.m2\repository\org\freemarker\freemarker\2.3.23\freemarker-2.3.23.jar;C:\Users\user\.m2\repository\org\mongodb\mongodb-driver\3.0.4\mongodb-driver-3.0.4.jar;C:\Users\user\.m2\repository\org\mongodb\bson\3.0.4\bson-3.0.4.jar;C:\Users\user\.m2\repository\org\mongodb\mongodb-driver-core\3.0.4\mongodb-driver-core-3.0.4.jar;C:\Users\user\.m2\repository\org\seleniumhq\selenium\selenium-java\2.53.0\selenium-java-2.53.0.jar;C:\Users\user\.m2\repository\org\seleniumhq\selenium\selenium-chrome-driver\2.53.0\selenium-chrome-driver-2.53.0.jar;C:\Users\user\.m2\repository\org\seleniumhq\selenium\selenium-remote-driver\2.53.0\selenium-remote-driver-2.53.0.jar;C:\Users\user\.m2\repository\cglib\cglib-nodep\2.1_3\cglib-nodep-2.1_3.jar;C:\Users\user\.m2\repository\com\google
Launcher Type: SUN_STANDARD

Environment Variables:
JAVA_HOME=C:\Program Files\Java\jre1.8.0_144\
PATH=C:/Program Files/Java/jre1.8.0_144/bin/server;C:/Program Files/Java/jre1.8.0_144/bin;C:/Program Files/Java/jre1.8.0_144/lib/amd64;C:\ProgramData\Oracle\Java\javapath;C:\Program Files (x86)\Intel\iCLS Client\;C:\Program Files\Intel\iCLS Client\;C:\WINDOWS\system32;C:\WINDOWS;C:\WINDOWS\System32\Wbem;C:\WINDOWS\System32\WindowsPowerShell\v1.0\;C:\Program Files (x86)\Intel\OpenCL SDK\3.0\bin\x86;C:\Program Files (x86)\Intel\OpenCL SDK\3.0\bin\x64;C:\Program Files (x86)\Microsoft SQL Server\110\Tools\Binn\;C:\Program Files\Microsoft SQL Server\110\Tools\Binn\;C:\Program Files\Microsoft SQL Server\110\DTS\Binn\;C:\Program Files (x86)\Microsoft SQL Server\110\Tools\Binn\ManagementStudio\;C:\Program Files (x86)\Microsoft Visual Studio 10.0\Common7\IDE\PrivateAssemblies\;C:\Program Files (x86)\Microsoft SQL Server\110\DTS\Binn\;C:\Program Files (x86)\Intel\Intel(R) Management Engine Components\DAL;C:\Program Files\Intel\Intel(R) Management Engine Components\DAL;C:\Program Files (x86)\Intel\Intel(R) Management Engine Components\IPT;C:\Program Files\Intel\Intel(R) Management Engine Components\IPT;C:\Program Files\Intel\WiFi\bin\;C:\Program Files\Common Files\Intel\WirelessCommon\;C:\Program Files\maven\bin;C:\Program Files\Git\cmd;C:\Users\user\AppData\Local\Microsoft\WindowsApps;C:\Program Files\Intel\WiFi\bin\;C:\Program Files\Common Files\Intel\WirelessCommon\;;D:\Selenium\eclipse;
USERNAME=user
OS=Windows_NT
PROCESSOR_IDENTIFIER=Intel64 Family 6 Model 69 Stepping 1, GenuineIntel



---------------  S Y S T E M  ---------------

OS: Windows 10.0 , 64 bit Build 15063 (10.0.15063.296)

CPU:total 4 (initial active 4) (2 cores per cpu, 2 threads per core) family 6 model 69 stepping 1, cmov, cx8, fxsr, mmx, sse, sse2, sse3, ssse3, sse4.1, sse4.2, popcnt, avx, avx2, aes, clmul, erms, lzcnt, ht, tsc, tscinvbit, bmi1, bmi2

Memory: 4k page, physical 8067968k(2548828k free), swap 10162048k(15140k free)

vm_info: Java HotSpot(TM) 64-Bit Server VM (25.144-b01) for windows-amd64 JRE (1.8.0_144-b01), built on Jul 21 2017 21:57:33 by "java_re" with MS VC++ 10.0 (VS2010)

time: Thu Dec 14 08:27:08 2017
elapsed time: 10 seconds (0d 0h 0m 10s)

