#
# There is insufficient memory for the Java Runtime Environment to continue.
# Native memory allocation (malloc) failed to allocate 37168 bytes for Chunk::new
# Possible reasons:
#   The system is out of physical RAM or swap space
#   In 32 bit mode, the process size limit was hit
# Possible solutions:
#   Reduce memory load on the system
#   Increase physical memory or swap space
#   Check if swap backing store is full
#   Use 64 bit Java on a 64 bit OS
#   Decrease Java heap size (-Xmx/-Xms)
#   Decrease number of Java threads
#   Decrease Java thread stack sizes (-Xss)
#   Set larger code cache with -XX:ReservedCodeCacheSize=
# This output file may be truncated or incomplete.
#
#  Out of Memory Error (allocation.cpp:390), pid=6064, tid=0x0000000000002c08
#
# JRE version: Java(TM) SE Runtime Environment (8.0_144-b01) (build 1.8.0_144-b01)
# Java VM: Java HotSpot(TM) 64-Bit Server VM (25.144-b01 mixed mode windows-amd64 compressed oops)
# Failed to write core dump. Minidumps are not enabled by default on client versions of Windows
#

---------------  T H R E A D  ---------------

Current thread (0x0000000002973800):  JavaThread "main" [_thread_in_native, id=11272, stack(0x0000000002870000,0x0000000002970000)]

Stack: [0x0000000002870000,0x0000000002970000]
[error occurred during error reporting (printing stack bounds), id 0xc0000005]

Native frames: (J=compiled Java code, j=interpreted, Vv=VM code, C=native code)

Java frames: (J=compiled Java code, j=interpreted, Vv=VM code)
J 437  java.lang.ClassLoader.findBootstrapClass(Ljava/lang/String;)Ljava/lang/Class; (0 bytes) @ 0x0000000002c8a84f [0x0000000002c8a800+0x4f]
J 200 C1 java.lang.ClassLoader.loadClass(Ljava/lang/String;Z)Ljava/lang/Class; (122 bytes) @ 0x0000000002bd0f04 [0x0000000002bd06e0+0x824]
J 200 C1 java.lang.ClassLoader.loadClass(Ljava/lang/String;Z)Ljava/lang/Class; (122 bytes) @ 0x0000000002bd0df4 [0x0000000002bd06e0+0x714]
J 313 C1 sun.misc.Launcher$AppClassLoader.loadClass(Ljava/lang/String;Z)Ljava/lang/Class; (85 bytes) @ 0x0000000002c3fab4 [0x0000000002c3f0e0+0x9d4]
J 312 C1 java.lang.ClassLoader.loadClass(Ljava/lang/String;)Ljava/lang/Class; (7 bytes) @ 0x0000000002c3ecdc [0x0000000002c3ebc0+0x11c]
v  ~StubRoutines::call_stub
j  org.testng.shaded.com.google.gson.internal.bind.TypeAdapters.<clinit>()V+320
v  ~StubRoutines::call_stub
j  org.testng.shaded.com.google.gson.Gson.<init>(Lorg/testng/shaded/com/google/gson/internal/Excluder;Lorg/testng/shaded/com/google/gson/FieldNamingStrategy;Ljava/util/Map;ZZZZZZZLorg/testng/shaded/com/google/gson/LongSerializationPolicy;Ljava/util/List;)V+89
j  org.testng.shaded.com.google.gson.GsonBuilder.create()Lorg/testng/shaded/com/google/gson/Gson;+100
j  org.testng.remote.strprotocol.JsonMessageSender.writeMessage(Lorg/testng/shaded/com/google/gson/stream/JsonWriter;Lorg/testng/remote/strprotocol/IMessage;)V+41
j  org.testng.remote.strprotocol.JsonMessageSender.sendMessage(Lorg/testng/remote/strprotocol/IMessage;)V+81
j  org.testng.remote.strprotocol.MessageHub.sendMessage(Lorg/testng/remote/strprotocol/IMessage;)V+5
j  org.testng.remote.AbstractRemoteTestNG.run()V+120
j  org.testng.remote.RemoteTestNG.initAndRun(Lorg/testng/remote/IRemoteTestNG;[Ljava/lang/String;Lorg/testng/CommandLineArgs;Lorg/testng/remote/RemoteArgs;)V+184
j  org.testng.remote.RemoteTestNG.main([Ljava/lang/String;)V+201
v  ~StubRoutines::call_stub

---------------  P R O C E S S  ---------------

Java Threads: ( => current thread )
  0x0000000019a55800 JavaThread "ReaderThread" [_thread_in_native, id=6724, stack(0x000000001a160000,0x000000001a260000)]
  0x000000001908c800 JavaThread "Service Thread" daemon [_thread_blocked, id=12708, stack(0x0000000019660000,0x0000000019760000)]
  0x000000001741e000 JavaThread "C1 CompilerThread2" daemon [_thread_in_native, id=4280, stack(0x0000000019560000,0x0000000019660000)]
  0x000000001741d800 JavaThread "C2 CompilerThread1" daemon [_thread_blocked, id=15816, stack(0x0000000019460000,0x0000000019560000)]
  0x00000000173ea800 JavaThread "C2 CompilerThread0" daemon [_thread_blocked, id=8096, stack(0x0000000018f60000,0x0000000019060000)]
  0x00000000173da800 JavaThread "JDWP Command Reader" daemon [_thread_in_native, id=15448, stack(0x0000000018e60000,0x0000000018f60000)]
  0x00000000173d9000 JavaThread "JDWP Event Helper Thread" daemon [_thread_blocked, id=12736, stack(0x0000000018d60000,0x0000000018e60000)]
  0x00000000173c6800 JavaThread "JDWP Transport Listener: dt_socket" daemon [_thread_blocked, id=15868, stack(0x0000000018c60000,0x0000000018d60000)]
  0x00000000173bf800 JavaThread "Attach Listener" daemon [_thread_blocked, id=10448, stack(0x0000000018820000,0x0000000018920000)]
  0x00000000173be000 JavaThread "Signal Dispatcher" daemon [_thread_blocked, id=5540, stack(0x0000000018720000,0x0000000018820000)]
  0x0000000002a6c800 JavaThread "Finalizer" daemon [_thread_blocked, id=9600, stack(0x0000000018620000,0x0000000018720000)]
  0x0000000002a62000 JavaThread "Reference Handler" daemon [_thread_blocked, id=8616, stack(0x0000000018520000,0x0000000018620000)]
=>0x0000000002973800 JavaThread "main" [_thread_in_native, id=11272, stack(0x0000000002870000,0x0000000002970000)]

Other Threads:
  0x0000000017387800 VMThread [stack: 0x0000000018420000,0x0000000018520000] [id=12656]
  0x00000000190be800 WatcherThread [stack: 0x0000000019760000,0x0000000019860000] [id=952]

VM state:not at safepoint (normal execution)

VM Mutex/Monitor currently owned by a thread: None

Heap:
 PSYoungGen      total 36864K, used 10198K [0x00000000d6f80000, 0x00000000d9880000, 0x0000000100000000)
  eden space 31744K, 32% used [0x00000000d6f80000,0x00000000d7975bc0,0x00000000d8e80000)
  from space 5120K, 0% used [0x00000000d9380000,0x00000000d9380000,0x00000000d9880000)
  to   space 5120K, 0% used [0x00000000d8e80000,0x00000000d8e80000,0x00000000d9380000)
 ParOldGen       total 84992K, used 0K [0x0000000084e00000, 0x000000008a100000, 0x00000000d6f80000)
  object space 84992K, 0% used [0x0000000084e00000,0x0000000084e00000,0x000000008a100000)
 Metaspace       used 6960K, capacity 7024K, committed 7296K, reserved 1056768K
  class space    used 825K, capacity 850K, committed 896K, reserved 1048576K

Card table byte_map: [0x0000000011e30000,0x0000000012210000] byte_map_base: 0x0000000011a09000

Marking Bits: (ParMarkBitMap*) 0x000000006c63d850
 Begin Bits: [0x00000000128b0000, 0x0000000014778000)
 End Bits:   [0x0000000014778000, 0x0000000016640000)

Polling page: 0x00000000007f0000

CodeCache: size=245760Kb used=2175Kb max_used=2175Kb free=243584Kb
 bounds [0x0000000002a70000, 0x0000000002ce0000, 0x0000000011a70000]
 total_blobs=739 nmethods=446 adapters=214
 compilation: enabled

Compilation events (10 events):
Event: 10.595 Thread 0x000000001741e000 nmethod 439 0x0000000002c89710 code [0x0000000002c89880, 0x0000000002c89ca8]
Event: 10.595 Thread 0x000000001741e000  440       3       sun.misc.Resource::<init> (5 bytes)
Event: 10.595 Thread 0x000000001741e000 nmethod 440 0x0000000002c88f90 code [0x0000000002c890e0, 0x0000000002c89290]
Event: 10.595 Thread 0x000000001741e000  441       3       java.lang.ClassLoader::addClass (9 bytes)
Event: 10.595 Thread 0x000000001741e000 nmethod 441 0x0000000002c88b10 code [0x0000000002c88c80, 0x0000000002c88ea8]
Event: 10.597 Thread 0x000000001741e000  442       3       java.lang.ReflectiveOperationException::<init> (7 bytes)
Event: 10.597 Thread 0x000000001741e000 nmethod 442 0x0000000002c886d0 code [0x0000000002c88840, 0x0000000002c88a48]
Event: 10.597 Thread 0x000000001741e000  443   !   3       java.net.URLClassLoader::definePackageInternal (81 bytes)
Event: 10.598 Thread 0x000000001741e000 nmethod 443 0x0000000002c8b0d0 code [0x0000000002c8b300, 0x0000000002c8be78]
Event: 10.598 Thread 0x000000001741e000  444       3       java.net.URLClassLoader::getAndVerifyPackage (109 bytes)

GC Heap History (0 events):
No events

Deoptimization events (2 events):
Event: 7.667 Thread 0x0000000002973800 Uncommon trap: reason=unstable_if action=reinterpret pc=0x0000000002bca8b4 method=java.lang.String.startsWith(Ljava/lang/String;I)Z @ 25
Event: 8.663 Thread 0x0000000002973800 Uncommon trap: reason=unstable_if action=reinterpret pc=0x0000000002c231c0 method=java.lang.String.indexOf([CII[CIII)I @ 3

Internal exceptions (10 events):
Event: 0.188 Thread 0x0000000002973800 Exception <a 'java/lang/NoSuchMethodError': Method sun.misc.Unsafe.defineClass(Ljava/lang/String;[BII)Ljava/lang/Class; name or signature does not match> (0x00000000d6f87ca8) thrown at [C:\re\workspace\8-2-build-windows-amd64-cygwin\jdk8u144\9417\hotspot\
Event: 0.188 Thread 0x0000000002973800 Exception <a 'java/lang/NoSuchMethodError': Method sun.misc.Unsafe.prefetchRead(Ljava/lang/Object;J)V name or signature does not match> (0x00000000d6f87f90) thrown at [C:\re\workspace\8-2-build-windows-amd64-cygwin\jdk8u144\9417\hotspot\src\share\vm\prims
Event: 6.296 Thread 0x0000000002973800 Exception <a 'java/lang/ArrayIndexOutOfBoundsException'> (0x00000000d7304e50) thrown at [C:\re\workspace\8-2-build-windows-amd64-cygwin\jdk8u144\9417\hotspot\src\share\vm\runtime\sharedRuntime.cpp, line 605]
Event: 6.297 Thread 0x0000000002973800 Exception <a 'java/lang/ArrayIndexOutOfBoundsException'> (0x00000000d7305d58) thrown at [C:\re\workspace\8-2-build-windows-amd64-cygwin\jdk8u144\9417\hotspot\src\share\vm\runtime\sharedRuntime.cpp, line 605]
Event: 7.615 Thread 0x0000000002973800 Exception <a 'java/security/PrivilegedActionException'> (0x00000000d732a088) thrown at [C:\re\workspace\8-2-build-windows-amd64-cygwin\jdk8u144\9417\hotspot\src\share\vm\prims\jvm.cpp, line 1390]
Event: 7.615 Thread 0x0000000002973800 Exception <a 'java/security/PrivilegedActionException'> (0x00000000d732a298) thrown at [C:\re\workspace\8-2-build-windows-amd64-cygwin\jdk8u144\9417\hotspot\src\share\vm\prims\jvm.cpp, line 1390]
Event: 7.616 Thread 0x0000000002973800 Exception <a 'java/security/PrivilegedActionException'> (0x00000000d732df08) thrown at [C:\re\workspace\8-2-build-windows-amd64-cygwin\jdk8u144\9417\hotspot\src\share\vm\prims\jvm.cpp, line 1390]
Event: 7.616 Thread 0x0000000002973800 Exception <a 'java/security/PrivilegedActionException'> (0x00000000d732e118) thrown at [C:\re\workspace\8-2-build-windows-amd64-cygwin\jdk8u144\9417\hotspot\src\share\vm\prims\jvm.cpp, line 1390]
Event: 10.495 Thread 0x0000000002973800 Exception <a 'java/lang/ArrayIndexOutOfBoundsException'> (0x00000000d7889140) thrown at [C:\re\workspace\8-2-build-windows-amd64-cygwin\jdk8u144\9417\hotspot\src\share\vm\runtime\sharedRuntime.cpp, line 605]
Event: 10.495 Thread 0x0000000002973800 Exception <a 'java/lang/ArrayIndexOutOfBoundsException'> (0x00000000d7889dc8) thrown at [C:\re\workspace\8-2-build-windows-amd64-cygwin\jdk8u144\9417\hotspot\src\share\vm\runtime\sharedRuntime.cpp, line 605]

Events (10 events):
Event: 10.598 loading class java/util/concurrent/atomic/AtomicIntegerArray done
Event: 10.598 loading class org/testng/shaded/com/google/gson/internal/LazilyParsedNumber
Event: 10.598 loading class org/testng/shaded/com/google/gson/internal/LazilyParsedNumber done
Event: 10.598 Thread 0x0000000002973800 DEOPT PACKING pc=0x0000000002c35481 sp=0x000000000296c7a0
Event: 10.598 Thread 0x0000000002973800 DEOPT UNPACKING pc=0x0000000002ab787f sp=0x000000000296c4f0 mode 1
Event: 10.598 Thread 0x0000000002973800 DEOPT PACKING pc=0x0000000002bd105c sp=0x000000000296c820
Event: 10.598 Thread 0x0000000002973800 DEOPT UNPACKING pc=0x0000000002ab787f sp=0x000000000296c640 mode 1
Event: 10.599 Thread 0x0000000002973800 DEOPT PACKING pc=0x0000000002bd0df4 sp=0x000000000296c9b0
Event: 10.599 Thread 0x0000000002973800 DEOPT UNPACKING pc=0x0000000002ab787f sp=0x000000000296c7d0 mode 1
Event: 10.599 loading class java/math/BigInteger


Dynamic libraries:
0x00007ff628ee0000 - 0x00007ff628f17000 	C:\Program Files\Java\jre1.8.0_144\bin\javaw.exe
0x00007ffc06f30000 - 0x00007ffc0710b000 	C:\WINDOWS\SYSTEM32\ntdll.dll
0x00007ffc066e0000 - 0x00007ffc0678e000 	C:\WINDOWS\System32\KERNEL32.DLL
0x00007ffc03d50000 - 0x00007ffc03f99000 	C:\WINDOWS\System32\KERNELBASE.dll
0x00007ffc04470000 - 0x00007ffc04511000 	C:\WINDOWS\System32\ADVAPI32.dll
0x00007ffc048d0000 - 0x00007ffc0496d000 	C:\WINDOWS\System32\msvcrt.dll
0x00007ffc06940000 - 0x00007ffc06999000 	C:\WINDOWS\System32\sechost.dll
0x00007ffc06240000 - 0x00007ffc06365000 	C:\WINDOWS\System32\RPCRT4.dll
0x00007ffc06de0000 - 0x00007ffc06f2a000 	C:\WINDOWS\System32\USER32.dll
0x00007ffc03b90000 - 0x00007ffc03bae000 	C:\WINDOWS\System32\win32u.dll
0x00007ffc06890000 - 0x00007ffc068b7000 	C:\WINDOWS\System32\GDI32.dll
0x00007ffc03fa0000 - 0x00007ffc04127000 	C:\WINDOWS\System32\gdi32full.dll
0x00007ffc03cb0000 - 0x00007ffc03d4a000 	C:\WINDOWS\System32\msvcp_win.dll
0x00007ffc04370000 - 0x00007ffc04466000 	C:\WINDOWS\System32\ucrtbase.dll
0x00007ffbf6710000 - 0x00007ffbf6977000 	C:\WINDOWS\WinSxS\amd64_microsoft.windows.common-controls_6595b64144ccf1df_6.0.15063.483_none_26002d27e7c744a2\COMCTL32.dll
0x00007ffc04970000 - 0x00007ffc04c69000 	C:\WINDOWS\System32\combase.dll
0x00007ffc04300000 - 0x00007ffc0436a000 	C:\WINDOWS\System32\bcryptPrimitives.dll
0x00007ffc067f0000 - 0x00007ffc0681d000 	C:\WINDOWS\System32\IMM32.DLL
0x000000006bd40000 - 0x000000006be12000 	C:\Program Files\Java\jre1.8.0_144\bin\msvcr100.dll
0x000000006be20000 - 0x000000006c6bd000 	C:\Program Files\Java\jre1.8.0_144\bin\server\jvm.dll
0x00007ffc06450000 - 0x00007ffc06458000 	C:\WINDOWS\System32\PSAPI.DLL
0x00007ffbf13f0000 - 0x00007ffbf13f9000 	C:\WINDOWS\SYSTEM32\WSOCK32.dll
0x00007ffc06820000 - 0x00007ffc0688c000 	C:\WINDOWS\System32\WS2_32.dll
0x00007ffc00420000 - 0x00007ffc00443000 	C:\WINDOWS\SYSTEM32\WINMM.dll
0x00007ffbfdb50000 - 0x00007ffbfdb5a000 	C:\WINDOWS\SYSTEM32\VERSION.dll
0x00007ffc003f0000 - 0x00007ffc0041b000 	C:\WINDOWS\SYSTEM32\WINMMBASE.dll
0x00007ffc03bb0000 - 0x00007ffc03bf9000 	C:\WINDOWS\System32\cfgmgr32.dll
0x000000006dcf0000 - 0x000000006dcff000 	C:\Program Files\Java\jre1.8.0_144\bin\verify.dll
0x000000006dcc0000 - 0x000000006dce9000 	C:\Program Files\Java\jre1.8.0_144\bin\java.dll
0x000000006bd00000 - 0x000000006bd35000 	C:\Program Files\Java\jre1.8.0_144\bin\jdwp.dll
0x000000006bcf0000 - 0x000000006bcf8000 	C:\Program Files\Java\jre1.8.0_144\bin\npt.dll
0x000000006dca0000 - 0x000000006dcb6000 	C:\Program Files\Java\jre1.8.0_144\bin\zip.dll
0x00007ffc04de0000 - 0x00007ffc06217000 	C:\WINDOWS\System32\SHELL32.dll
0x00007ffc04520000 - 0x00007ffc045ca000 	C:\WINDOWS\System32\shcore.dll
0x00007ffc03490000 - 0x00007ffc03b81000 	C:\WINDOWS\System32\windows.storage.dll
0x00007ffc04630000 - 0x00007ffc04681000 	C:\WINDOWS\System32\shlwapi.dll
0x00007ffc03380000 - 0x00007ffc03391000 	C:\WINDOWS\System32\kernel.appcore.dll
0x00007ffc033a0000 - 0x00007ffc033ec000 	C:\WINDOWS\System32\powrprof.dll
0x00007ffc033f0000 - 0x00007ffc03405000 	C:\WINDOWS\System32\profapi.dll
0x000000006bce0000 - 0x000000006bce9000 	C:\Program Files\Java\jre1.8.0_144\bin\dt_socket.dll
0x00007ffbe1f80000 - 0x00007ffbe1f96000 	C:\WINDOWS\system32\napinsp.dll
0x00007ffbe1f60000 - 0x00007ffbe1f7a000 	C:\WINDOWS\system32\pnrpnsp.dll
0x00007ffc00950000 - 0x00007ffc00968000 	C:\WINDOWS\system32\NLAapi.dll
0x00007ffc02c90000 - 0x00007ffc02cec000 	C:\WINDOWS\System32\mswsock.dll
0x00007ffc02a70000 - 0x00007ffc02b14000 	C:\WINDOWS\SYSTEM32\DNSAPI.dll
0x00007ffc06570000 - 0x00007ffc06578000 	C:\WINDOWS\System32\NSI.dll
0x00007ffc02a30000 - 0x00007ffc02a67000 	C:\WINDOWS\SYSTEM32\IPHLPAPI.DLL
0x00007ffbe1f30000 - 0x00007ffbe1f3e000 	C:\WINDOWS\System32\winrnr.dll
0x00007ffbe1f40000 - 0x00007ffbe1f55000 	C:\WINDOWS\System32\wshbth.dll
0x00007ffbf7a00000 - 0x00007ffbf7a6b000 	C:\WINDOWS\System32\fwpuclnt.dll
0x00007ffc02f40000 - 0x00007ffc02f65000 	C:\WINDOWS\SYSTEM32\bcrypt.dll
0x00007ffbf0ad0000 - 0x00007ffbf0ada000 	C:\Windows\System32\rasadhlp.dll
0x000000006dc80000 - 0x000000006dc9a000 	C:\Program Files\Java\jre1.8.0_144\bin\net.dll
0x00007ffc02e30000 - 0x00007ffc02e47000 	C:\WINDOWS\SYSTEM32\CRYPTSP.dll
0x00007ffc028b0000 - 0x00007ffc028e4000 	C:\WINDOWS\system32\rsaenh.dll
0x00007ffc032b0000 - 0x00007ffc032d9000 	C:\WINDOWS\SYSTEM32\USERENV.dll
0x00007ffc02e50000 - 0x00007ffc02e5b000 	C:\WINDOWS\SYSTEM32\CRYPTBASE.dll
0x00007ffbfda60000 - 0x00007ffbfda76000 	C:\WINDOWS\SYSTEM32\dhcpcsvc6.DLL
0x00007ffbfdac0000 - 0x00007ffbfdada000 	C:\WINDOWS\SYSTEM32\dhcpcsvc.DLL
0x000000006cb80000 - 0x000000006cb91000 	C:\Program Files\Java\jre1.8.0_144\bin\nio.dll

VM Arguments:
jvm_args: -agentlib:jdwp=transport=dt_socket,suspend=y,address=localhost:60397 -ea -Dfile.encoding=Cp1252 
java_command: org.testng.remote.RemoteTestNG -serport 60395 -protocol json -d D:\Seleniumworkspace\Maven_Xcelerate\test-output D:\Seleniumworkspace\Maven_Xcelerate\testng.xml
java_class_path (initial): D:\Selenium\eclipse\configuration\org.eclipse.osgi\473\0\.cp\lib\testng-remote.jar;D:\Seleniumworkspace\Maven_Xcelerate\target\test-classes;D:\Seleniumworkspace\Maven_Xcelerate\target\classes;D:\Selenium\eclipse\plugins\org.testng_6.12.0.r201709030044.jar;D:\Selenium\eclipse\plugins\com.beust.jcommander_1.66.0.jar;D:\Selenium\eclipse\plugins\org.apache-extras.beanshell.bsh_2.0.0.b6.jar;D:\Selenium\eclipse\plugins\org.yaml.snakeyaml_1.17.0.jar;C:\Users\user\.m2\repository\org\testng\testng\6.8\testng-6.8.jar;C:\Users\user\.m2\repository\junit\junit\4.10\junit-4.10.jar;C:\Users\user\.m2\repository\org\hamcrest\hamcrest-core\1.1\hamcrest-core-1.1.jar;C:\Users\user\.m2\repository\org\beanshell\bsh\2.0b4\bsh-2.0b4.jar;C:\Users\user\.m2\repository\com\beust\jcommander\1.27\jcommander-1.27.jar;C:\Users\user\.m2\repository\org\yaml\snakeyaml\1.6\snakeyaml-1.6.jar;C:\Users\user\.m2\repository\com\codoid\products\fillo\1.16\fillo-1.16.jar;C:\Users\user\.m2\repository\com\relevantcodes\extentreports\2.41.2\extentreports-2.41.2.jar;C:\Users\user\.m2\repository\org\jsoup\jsoup\1.8.3\jsoup-1.8.3.jar;C:\Users\user\.m2\repository\org\xerial\sqlite-jdbc\3.8.11.1\sqlite-jdbc-3.8.11.1.jar;C:\Users\user\.m2\repository\org\freemarker\freemarker\2.3.23\freemarker-2.3.23.jar;C:\Users\user\.m2\repository\org\mongodb\mongodb-driver\3.0.4\mongodb-driver-3.0.4.jar;C:\Users\user\.m2\repository\org\mongodb\bson\3.0.4\bson-3.0.4.jar;C:\Users\user\.m2\repository\org\mongodb\mongodb-driver-core\3.0.4\mongodb-driver-core-3.0.4.jar;C:\Users\user\.m2\repository\org\seleniumhq\selenium\selenium-java\2.53.0\selenium-java-2.53.0.jar;C:\Users\user\.m2\repository\org\seleniumhq\selenium\selenium-chrome-driver\2.53.0\selenium-chrome-driver-2.53.0.jar;C:\Users\user\.m2\repository\org\seleniumhq\selenium\selenium-remote-driver\2.53.0\selenium-remote-driver-2.53.0.jar;C:\Users\user\.m2\repository\cglib\cglib-nodep\2.1_3\cglib-nodep-2.1_3.jar;C:\Users\user\.m2\repository\com\google
Launcher Type: SUN_STANDARD

Environment Variables:
JAVA_HOME=C:\Program Files\Java\jre1.8.0_144\
PATH=C:/Program Files/Java/jre1.8.0_144/bin/server;C:/Program Files/Java/jre1.8.0_144/bin;C:/Program Files/Java/jre1.8.0_144/lib/amd64;C:\ProgramData\Oracle\Java\javapath;C:\Program Files (x86)\Intel\iCLS Client\;C:\Program Files\Intel\iCLS Client\;C:\WINDOWS\system32;C:\WINDOWS;C:\WINDOWS\System32\Wbem;C:\WINDOWS\System32\WindowsPowerShell\v1.0\;C:\Program Files (x86)\Intel\OpenCL SDK\3.0\bin\x86;C:\Program Files (x86)\Intel\OpenCL SDK\3.0\bin\x64;C:\Program Files (x86)\Microsoft SQL Server\110\Tools\Binn\;C:\Program Files\Microsoft SQL Server\110\Tools\Binn\;C:\Program Files\Microsoft SQL Server\110\DTS\Binn\;C:\Program Files (x86)\Microsoft SQL Server\110\Tools\Binn\ManagementStudio\;C:\Program Files (x86)\Microsoft Visual Studio 10.0\Common7\IDE\PrivateAssemblies\;C:\Program Files (x86)\Microsoft SQL Server\110\DTS\Binn\;C:\Program Files (x86)\Intel\Intel(R) Management Engine Components\DAL;C:\Program Files\Intel\Intel(R) Management Engine Components\DAL;C:\Program Files (x86)\Intel\Intel(R) Management Engine Components\IPT;C:\Program Files\Intel\Intel(R) Management Engine Components\IPT;C:\Program Files\Intel\WiFi\bin\;C:\Program Files\Common Files\Intel\WirelessCommon\;C:\Program Files\maven\bin;C:\Program Files\Git\cmd;C:\Users\user\AppData\Local\Microsoft\WindowsApps;C:\Program Files\Intel\WiFi\bin\;C:\Program Files\Common Files\Intel\WirelessCommon\;;D:\Selenium\eclipse;
USERNAME=user
OS=Windows_NT
PROCESSOR_IDENTIFIER=Intel64 Family 6 Model 69 Stepping 1, GenuineIntel



---------------  S Y S T E M  ---------------

OS: Windows 10.0 , 64 bit Build 15063 (10.0.15063.296)

CPU:total 4 (initial active 4) (2 cores per cpu, 2 threads per core) family 6 model 69 stepping 1, cmov, cx8, fxsr, mmx, sse, sse2, sse3, ssse3, sse4.1, sse4.2, popcnt, avx, avx2, aes, clmul, erms, lzcnt, ht, tsc, tscinvbit, bmi1, bmi2

Memory: 4k page, physical 8067968k(2545580k free), swap 10162048k(5124k free)

vm_info: Java HotSpot(TM) 64-Bit Server VM (25.144-b01) for windows-amd64 JRE (1.8.0_144-b01), built on Jul 21 2017 21:57:33 by "java_re" with MS VC++ 10.0 (VS2010)

time: Thu Dec 14 08:27:07 2017
elapsed time: 10 seconds (0d 0h 0m 10s)

