#
# There is insufficient memory for the Java Runtime Environment to continue.
# Native memory allocation (malloc) failed to allocate 43488 bytes for Chunk::new
# Possible reasons:
#   The system is out of physical RAM or swap space
#   In 32 bit mode, the process size limit was hit
# Possible solutions:
#   Reduce memory load on the system
#   Increase physical memory or swap space
#   Check if swap backing store is full
#   Use 64 bit Java on a 64 bit OS
#   Decrease Java heap size (-Xmx/-Xms)
#   Decrease number of Java threads
#   Decrease Java thread stack sizes (-Xss)
#   Set larger code cache with -XX:ReservedCodeCacheSize=
# This output file may be truncated or incomplete.
#
#  Out of Memory Error (allocation.cpp:390), pid=1712, tid=0x0000000000000f8c
#
# JRE version: Java(TM) SE Runtime Environment (8.0_144-b01) (build 1.8.0_144-b01)
# Java VM: Java HotSpot(TM) 64-Bit Server VM (25.144-b01 mixed mode windows-amd64 compressed oops)
# Failed to write core dump. Minidumps are not enabled by default on client versions of Windows
#

---------------  T H R E A D  ---------------

Current thread (0x00000000028c3800):  JavaThread "main" [_thread_in_native, id=3980, stack(0x00000000027c0000,0x00000000028c0000)]

Stack: [0x00000000027c0000,0x00000000028c0000]
[error occurred during error reporting (printing stack bounds), id 0xc0000005]

Native frames: (J=compiled Java code, j=interpreted, Vv=VM code, C=native code)

Java frames: (J=compiled Java code, j=interpreted, Vv=VM code)
j  sun.util.locale.LocaleObjectCache.<init>(IFI)V+16
j  sun.util.locale.LocaleObjectCache.<init>()V+7
j  java.util.Locale$Cache.<init>()V+1
j  java.util.Locale$Cache.<init>(Ljava/util/Locale$1;)V+1
j  java.util.Locale.<clinit>()V+21
v  ~StubRoutines::call_stub
j  java.io.WinNTFileSystem.hashCode(Ljava/io/File;)I+4
j  java.io.File.hashCode()I+4
j  java.util.HashMap.hash(Ljava/lang/Object;)I+9
j  java.util.HashMap.put(Ljava/lang/Object;Ljava/lang/Object;)Ljava/lang/Object;+2
j  sun.misc.MetaIndex.registerDirectory(Ljava/io/File;)V+178
j  sun.misc.Launcher$ExtClassLoader$1.run()Lsun/misc/Launcher$ExtClassLoader;+19
j  sun.misc.Launcher$ExtClassLoader$1.run()Ljava/lang/Object;+1
v  ~StubRoutines::call_stub
j  java.security.AccessController.doPrivileged(Ljava/security/PrivilegedExceptionAction;)Ljava/lang/Object;+0
j  sun.misc.Launcher$ExtClassLoader.getExtClassLoader()Lsun/misc/Launcher$ExtClassLoader;+12
j  sun.misc.Launcher.<init>()V+4
j  sun.misc.Launcher.<clinit>()V+15
v  ~StubRoutines::call_stub
j  java.lang.ClassLoader.initSystemClassLoader()V+22
j  java.lang.ClassLoader.getSystemClassLoader()Ljava/lang/ClassLoader;+0
v  ~StubRoutines::call_stub

---------------  P R O C E S S  ---------------

Java Threads: ( => current thread )
  0x00000000172fa800 JavaThread "Finalizer" daemon [_thread_blocked, id=16696, stack(0x0000000018570000,0x0000000018670000)]
  0x00000000029b2000 JavaThread "Reference Handler" daemon [_thread_blocked, id=16688, stack(0x0000000018470000,0x0000000018570000)]
=>0x00000000028c3800 JavaThread "main" [_thread_in_native, id=3980, stack(0x00000000027c0000,0x00000000028c0000)]

Other Threads:
  0x00000000172d7800 VMThread [stack: 0x0000000018370000,0x0000000018470000] [id=16680]

VM state:not at safepoint (normal execution)

VM Mutex/Monitor currently owned by a thread: None

Heap:
 PSYoungGen      total 36864K, used 634K [0x00000000d6f80000, 0x00000000d9880000, 0x0000000100000000)
  eden space 31744K, 2% used [0x00000000d6f80000,0x00000000d701eb90,0x00000000d8e80000)
  from space 5120K, 0% used [0x00000000d9380000,0x00000000d9380000,0x00000000d9880000)
  to   space 5120K, 0% used [0x00000000d8e80000,0x00000000d8e80000,0x00000000d9380000)
 ParOldGen       total 84992K, used 0K [0x0000000084e00000, 0x000000008a100000, 0x00000000d6f80000)
  object space 84992K, 0% used [0x0000000084e00000,0x0000000084e00000,0x000000008a100000)
 Metaspace       used 1796K, capacity 4480K, committed 4480K, reserved 1056768K
  class space    used 201K, capacity 384K, committed 384K, reserved 1048576K

Card table byte_map: [0x0000000011d80000,0x0000000012160000] byte_map_base: 0x0000000011959000

Marking Bits: (ParMarkBitMap*) 0x000000006c63d850
 Begin Bits: [0x0000000012800000, 0x00000000146c8000)
 End Bits:   [0x00000000146c8000, 0x0000000016590000)

Polling page: 0x0000000000ae0000

CodeCache: size=245760Kb used=422Kb max_used=422Kb free=245337Kb
 bounds [0x00000000029c0000, 0x0000000002c30000, 0x00000000119c0000]
 total_blobs=138 nmethods=0 adapters=112
 compilation: enabled

Compilation events (0 events):
No events

GC Heap History (0 events):
No events

Deoptimization events (0 events):
No events

Internal exceptions (2 events):
Event: 2.446 Thread 0x00000000028c3800 Exception <a 'java/lang/NoSuchMethodError': Method sun.misc.Unsafe.defineClass(Ljava/lang/String;[BII)Ljava/lang/Class; name or signature does not match> (0x00000000d6f87ca8) thrown at [C:\re\workspace\8-2-build-windows-amd64-cygwin\jdk8u144\9417\hotspot\
Event: 2.446 Thread 0x00000000028c3800 Exception <a 'java/lang/NoSuchMethodError': Method sun.misc.Unsafe.prefetchRead(Ljava/lang/Object;J)V name or signature does not match> (0x00000000d6f87f90) thrown at [C:\re\workspace\8-2-build-windows-amd64-cygwin\jdk8u144\9417\hotspot\src\share\vm\prims

Events (10 events):
Event: 2.659 loading class java/nio/charset/CoderResult$2 done
Event: 2.659 loading class java/lang/reflect/Array
Event: 2.660 loading class java/lang/reflect/Array done
Event: 2.660 loading class java/util/Locale
Event: 2.660 loading class java/util/Locale done
Event: 2.660 loading class java/util/Locale$Cache
Event: 2.660 loading class sun/util/locale/LocaleObjectCache
Event: 2.660 loading class sun/util/locale/LocaleObjectCache done
Event: 2.660 loading class java/util/Locale$Cache done
Event: 2.660 loading class java/util/concurrent/ConcurrentHashMap


Dynamic libraries:
0x00007ff628ee0000 - 0x00007ff628f17000 	C:\Program Files\Java\jre1.8.0_144\bin\javaw.exe
0x00007ffc06f30000 - 0x00007ffc0710b000 	C:\WINDOWS\SYSTEM32\ntdll.dll
0x00007ffc066e0000 - 0x00007ffc0678e000 	C:\WINDOWS\System32\KERNEL32.DLL
0x00007ffc03d50000 - 0x00007ffc03f99000 	C:\WINDOWS\System32\KERNELBASE.dll
0x00007ffc04470000 - 0x00007ffc04511000 	C:\WINDOWS\System32\ADVAPI32.dll
0x00007ffc048d0000 - 0x00007ffc0496d000 	C:\WINDOWS\System32\msvcrt.dll
0x00007ffc06940000 - 0x00007ffc06999000 	C:\WINDOWS\System32\sechost.dll
0x00007ffc06240000 - 0x00007ffc06365000 	C:\WINDOWS\System32\RPCRT4.dll
0x00007ffc06de0000 - 0x00007ffc06f2a000 	C:\WINDOWS\System32\USER32.dll
0x00007ffc03b90000 - 0x00007ffc03bae000 	C:\WINDOWS\System32\win32u.dll
0x00007ffc06890000 - 0x00007ffc068b7000 	C:\WINDOWS\System32\GDI32.dll
0x00007ffc03fa0000 - 0x00007ffc04127000 	C:\WINDOWS\System32\gdi32full.dll
0x00007ffc03cb0000 - 0x00007ffc03d4a000 	C:\WINDOWS\System32\msvcp_win.dll
0x00007ffc04370000 - 0x00007ffc04466000 	C:\WINDOWS\System32\ucrtbase.dll
0x00007ffbf6710000 - 0x00007ffbf6977000 	C:\WINDOWS\WinSxS\amd64_microsoft.windows.common-controls_6595b64144ccf1df_6.0.15063.483_none_26002d27e7c744a2\COMCTL32.dll
0x00007ffc04970000 - 0x00007ffc04c69000 	C:\WINDOWS\System32\combase.dll
0x00007ffc04300000 - 0x00007ffc0436a000 	C:\WINDOWS\System32\bcryptPrimitives.dll
0x00007ffc067f0000 - 0x00007ffc0681d000 	C:\WINDOWS\System32\IMM32.DLL
0x000000006bd40000 - 0x000000006be12000 	C:\Program Files\Java\jre1.8.0_144\bin\msvcr100.dll
0x000000006be20000 - 0x000000006c6bd000 	C:\Program Files\Java\jre1.8.0_144\bin\server\jvm.dll
0x00007ffc06450000 - 0x00007ffc06458000 	C:\WINDOWS\System32\PSAPI.DLL
0x00007ffbf13f0000 - 0x00007ffbf13f9000 	C:\WINDOWS\SYSTEM32\WSOCK32.dll
0x00007ffc06820000 - 0x00007ffc0688c000 	C:\WINDOWS\System32\WS2_32.dll
0x00007ffc00420000 - 0x00007ffc00443000 	C:\WINDOWS\SYSTEM32\WINMM.dll
0x00007ffbfdb50000 - 0x00007ffbfdb5a000 	C:\WINDOWS\SYSTEM32\VERSION.dll
0x00007ffc003f0000 - 0x00007ffc0041b000 	C:\WINDOWS\SYSTEM32\WINMMBASE.dll
0x00007ffc03bb0000 - 0x00007ffc03bf9000 	C:\WINDOWS\System32\cfgmgr32.dll
0x000000006dcf0000 - 0x000000006dcff000 	C:\Program Files\Java\jre1.8.0_144\bin\verify.dll
0x000000006dcc0000 - 0x000000006dce9000 	C:\Program Files\Java\jre1.8.0_144\bin\java.dll
0x000000006bd00000 - 0x000000006bd35000 	C:\Program Files\Java\jre1.8.0_144\bin\jdwp.dll
0x000000006bcf0000 - 0x000000006bcf8000 	C:\Program Files\Java\jre1.8.0_144\bin\npt.dll
0x000000006dca0000 - 0x000000006dcb6000 	C:\Program Files\Java\jre1.8.0_144\bin\zip.dll
0x00007ffc04de0000 - 0x00007ffc06217000 	C:\WINDOWS\System32\SHELL32.dll
0x00007ffc04520000 - 0x00007ffc045ca000 	C:\WINDOWS\System32\shcore.dll
0x00007ffc03490000 - 0x00007ffc03b81000 	C:\WINDOWS\System32\windows.storage.dll
0x00007ffc04630000 - 0x00007ffc04681000 	C:\WINDOWS\System32\shlwapi.dll
0x00007ffc03380000 - 0x00007ffc03391000 	C:\WINDOWS\System32\kernel.appcore.dll
0x00007ffc033a0000 - 0x00007ffc033ec000 	C:\WINDOWS\System32\powrprof.dll
0x00007ffc033f0000 - 0x00007ffc03405000 	C:\WINDOWS\System32\profapi.dll

VM Arguments:
jvm_args: -agentlib:jdwp=transport=dt_socket,suspend=y,address=localhost:60479 -ea -Dfile.encoding=Cp1252 
java_command: org.testng.remote.RemoteTestNG -serport 60459 -protocol json -d D:\Seleniumworkspace\Maven_Xcelerate\test-output D:\Seleniumworkspace\Maven_Xcelerate\testng.xml
java_class_path (initial): D:\Selenium\eclipse\configuration\org.eclipse.osgi\473\0\.cp\lib\testng-remote.jar;D:\Seleniumworkspace\Maven_Xcelerate\target\test-classes;D:\Seleniumworkspace\Maven_Xcelerate\target\classes;D:\Selenium\eclipse\plugins\org.testng_6.12.0.r201709030044.jar;D:\Selenium\eclipse\plugins\com.beust.jcommander_1.66.0.jar;D:\Selenium\eclipse\plugins\org.apache-extras.beanshell.bsh_2.0.0.b6.jar;D:\Selenium\eclipse\plugins\org.yaml.snakeyaml_1.17.0.jar;C:\Users\user\.m2\repository\org\testng\testng\6.8\testng-6.8.jar;C:\Users\user\.m2\repository\junit\junit\4.10\junit-4.10.jar;C:\Users\user\.m2\repository\org\hamcrest\hamcrest-core\1.1\hamcrest-core-1.1.jar;C:\Users\user\.m2\repository\org\beanshell\bsh\2.0b4\bsh-2.0b4.jar;C:\Users\user\.m2\repository\com\beust\jcommander\1.27\jcommander-1.27.jar;C:\Users\user\.m2\repository\org\yaml\snakeyaml\1.6\snakeyaml-1.6.jar;C:\Users\user\.m2\repository\com\codoid\products\fillo\1.16\fillo-1.16.jar;C:\Users\user\.m2\repository\com\relevantcodes\extentreports\2.41.2\extentreports-2.41.2.jar;C:\Users\user\.m2\repository\org\jsoup\jsoup\1.8.3\jsoup-1.8.3.jar;C:\Users\user\.m2\repository\org\xerial\sqlite-jdbc\3.8.11.1\sqlite-jdbc-3.8.11.1.jar;C:\Users\user\.m2\repository\org\freemarker\freemarker\2.3.23\freemarker-2.3.23.jar;C:\Users\user\.m2\repository\org\mongodb\mongodb-driver\3.0.4\mongodb-driver-3.0.4.jar;C:\Users\user\.m2\repository\org\mongodb\bson\3.0.4\bson-3.0.4.jar;C:\Users\user\.m2\repository\org\mongodb\mongodb-driver-core\3.0.4\mongodb-driver-core-3.0.4.jar;C:\Users\user\.m2\repository\org\seleniumhq\selenium\selenium-java\2.53.0\selenium-java-2.53.0.jar;C:\Users\user\.m2\repository\org\seleniumhq\selenium\selenium-chrome-driver\2.53.0\selenium-chrome-driver-2.53.0.jar;C:\Users\user\.m2\repository\org\seleniumhq\selenium\selenium-remote-driver\2.53.0\selenium-remote-driver-2.53.0.jar;C:\Users\user\.m2\repository\cglib\cglib-nodep\2.1_3\cglib-nodep-2.1_3.jar;C:\Users\user\.m2\repository\com\google
Launcher Type: SUN_STANDARD

Environment Variables:
JAVA_HOME=C:\Program Files\Java\jre1.8.0_144\
PATH=C:/Program Files/Java/jre1.8.0_144/bin/server;C:/Program Files/Java/jre1.8.0_144/bin;C:/Program Files/Java/jre1.8.0_144/lib/amd64;C:\ProgramData\Oracle\Java\javapath;C:\Program Files (x86)\Intel\iCLS Client\;C:\Program Files\Intel\iCLS Client\;C:\WINDOWS\system32;C:\WINDOWS;C:\WINDOWS\System32\Wbem;C:\WINDOWS\System32\WindowsPowerShell\v1.0\;C:\Program Files (x86)\Intel\OpenCL SDK\3.0\bin\x86;C:\Program Files (x86)\Intel\OpenCL SDK\3.0\bin\x64;C:\Program Files (x86)\Microsoft SQL Server\110\Tools\Binn\;C:\Program Files\Microsoft SQL Server\110\Tools\Binn\;C:\Program Files\Microsoft SQL Server\110\DTS\Binn\;C:\Program Files (x86)\Microsoft SQL Server\110\Tools\Binn\ManagementStudio\;C:\Program Files (x86)\Microsoft Visual Studio 10.0\Common7\IDE\PrivateAssemblies\;C:\Program Files (x86)\Microsoft SQL Server\110\DTS\Binn\;C:\Program Files (x86)\Intel\Intel(R) Management Engine Components\DAL;C:\Program Files\Intel\Intel(R) Management Engine Components\DAL;C:\Program Files (x86)\Intel\Intel(R) Management Engine Components\IPT;C:\Program Files\Intel\Intel(R) Management Engine Components\IPT;C:\Program Files\Intel\WiFi\bin\;C:\Program Files\Common Files\Intel\WirelessCommon\;C:\Program Files\maven\bin;C:\Program Files\Git\cmd;C:\Users\user\AppData\Local\Microsoft\WindowsApps;C:\Program Files\Intel\WiFi\bin\;C:\Program Files\Common Files\Intel\WirelessCommon\;;D:\Selenium\eclipse;
USERNAME=user
OS=Windows_NT
PROCESSOR_IDENTIFIER=Intel64 Family 6 Model 69 Stepping 1, GenuineIntel



---------------  S Y S T E M  ---------------

OS: Windows 10.0 , 64 bit Build 15063 (10.0.15063.296)

CPU:total 4 (initial active 4) (2 cores per cpu, 2 threads per core) family 6 model 69 stepping 1, cmov, cx8, fxsr, mmx, sse, sse2, sse3, ssse3, sse4.1, sse4.2, popcnt, avx, avx2, aes, clmul, erms, lzcnt, ht, tsc, tscinvbit, bmi1, bmi2

Memory: 4k page, physical 8067968k(2546788k free), swap 10162048k(5128k free)

vm_info: Java HotSpot(TM) 64-Bit Server VM (25.144-b01) for windows-amd64 JRE (1.8.0_144-b01), built on Jul 21 2017 21:57:33 by "java_re" with MS VC++ 10.0 (VS2010)

time: Thu Dec 14 08:27:07 2017
elapsed time: 2 seconds (0d 0h 0m 2s)

